2023-10-05 21:27:42,583 [INFO] Activator:177 - 


2023-10-05 21:27:42,584 [INFO] Activator:178 - !SESSION log4j initialized
2023-10-05 21:27:48,156 [INFO] McuFinderGlobals:39 - Set McuFinder mode to 2 (CubeIDE integrated)
2023-10-05 21:27:48,265 [INFO] ApplicationProperties:181 - Using Application install path: E:\STM32CubeIDE_1.7.0\STM32CubeIDE\plugins\com.st.stm32cube.common.mx_6.3.0.202107141111
2023-10-05 21:27:48,272 [INFO] DbMcusXml:74 - Set database path to: E:\STM32CubeIDE_1.7.0\STM32CubeIDE\plugins\com.st.stm32cube.common.mx_6.3.0.202107141111\\db\/mcu/
2023-10-05 21:27:48,274 [INFO] DbBoardsPdsc:56 - Set plugin database path to: E:\STM32CubeIDE_1.7.0\STM32CubeIDE\plugins\com.st.stm32cube.common.mx_6.3.0.202107141111\\db\/plugins/boardmanager/
2023-10-05 21:27:48,275 [INFO] DbMcus:258 - Set plugin images path to: E:\STM32CubeIDE_1.7.0\STM32CubeIDE\plugins\com.st.stm32cube.common.mx_6.3.0.202107141111\\db\/plugins/mcufinder/images/
2023-10-05 21:27:48,276 [INFO] DbBoards:264 - Set plugin images path to: E:\STM32CubeIDE_1.7.0\STM32CubeIDE\plugins\com.st.stm32cube.common.mx_6.3.0.202107141111\\db\/plugins/mcufinder/images/
2023-10-05 21:27:48,278 [INFO] DbExamples:333 - Set plugin images path to: E:\STM32CubeIDE_1.7.0\STM32CubeIDE\plugins\com.st.stm32cube.common.mx_6.3.0.202107141111\\db\/plugins/mcufinder/images/
2023-10-05 21:27:48,281 [INFO] DbMcusAds:119 - Set database path to: C:\Users\mitph\.stmcufinder\plugins\mcufinder//mcu/
2023-10-05 21:27:48,281 [INFO] DbMcusDocs:110 - Set database path to: C:\Users\mitph\.stmcufinder\plugins\mcufinder//mcu/
2023-10-05 21:27:48,282 [INFO] DbMcusJson:64 - Set database path to: C:\Users\mitph\.stmcufinder\plugins\mcufinder//mcu/
2023-10-05 21:27:48,283 [INFO] DbBoardsDocs:110 - Set database path to: C:\Users\mitph\.stmcufinder\plugins\mcufinder//mcu/
2023-10-05 21:27:48,284 [INFO] DbBoardsJson:57 - Set database path to: C:\Users\mitph\.stmcufinder\plugins\mcufinder//mcu/
2023-10-05 21:27:48,808 [INFO] CrossReferenceDbSqlite:196 - Set database path to: C:\Users\mitph\.stmcufinder\plugins\mcufinder//mcu/cs/
2023-10-05 21:27:48,813 [INFO] DbExamplesSqlite:767 - Set database path to: C:\Users\mitph\.stmcufinder\plugins\mcufinder//mcu/
2023-10-05 21:27:48,875 [INFO] RulesReader:57 - Compatibility file has been processed (242 Rules)
2023-10-05 21:27:48,932 [INFO] DbMcusXml:74 - Set database path to: E:\STM32CubeIDE_1.7.0\STM32CubeIDE\plugins\com.st.stm32cube.common.mx_6.3.0.202107141111\\db\/mcu/
2023-10-05 21:27:48,933 [INFO] DbBoardsPdsc:56 - Set plugin database path to: E:\STM32CubeIDE_1.7.0\STM32CubeIDE\plugins\com.st.stm32cube.common.mx_6.3.0.202107141111\\db\/plugins/boardmanager/
2023-10-05 21:27:48,933 [INFO] DbMcus:258 - Set plugin images path to: E:\STM32CubeIDE_1.7.0\STM32CubeIDE\plugins\com.st.stm32cube.common.mx_6.3.0.202107141111\\db\/plugins/mcufinder/images/
2023-10-05 21:27:48,933 [INFO] DbBoards:264 - Set plugin images path to: E:\STM32CubeIDE_1.7.0\STM32CubeIDE\plugins\com.st.stm32cube.common.mx_6.3.0.202107141111\\db\/plugins/mcufinder/images/
2023-10-05 21:27:48,934 [INFO] DbExamples:333 - Set plugin images path to: E:\STM32CubeIDE_1.7.0\STM32CubeIDE\plugins\com.st.stm32cube.common.mx_6.3.0.202107141111\\db\/plugins/mcufinder/images/
2023-10-05 21:27:48,934 [WARN] DbFile:35 - Overriding database path with different value: C:\Users\mitph\.stmcufinder\plugins\mcufinder/ => C:\Users\mitph\.stmcufinder\plugins\mcufinder
2023-10-05 21:27:48,934 [INFO] DbMcusAds:119 - Set database path to: C:\Users\mitph\.stmcufinder\plugins\mcufinder//mcu/
2023-10-05 21:27:48,934 [WARN] DbFile:35 - Overriding database path with different value: C:\Users\mitph\.stmcufinder\plugins\mcufinder/ => C:\Users\mitph\.stmcufinder\plugins\mcufinder
2023-10-05 21:27:48,934 [INFO] DbMcusDocs:110 - Set database path to: C:\Users\mitph\.stmcufinder\plugins\mcufinder//mcu/
2023-10-05 21:27:48,934 [WARN] DbFile:35 - Overriding database path with different value: C:\Users\mitph\.stmcufinder\plugins\mcufinder/ => C:\Users\mitph\.stmcufinder\plugins\mcufinder
2023-10-05 21:27:48,934 [INFO] DbMcusJson:64 - Set database path to: C:\Users\mitph\.stmcufinder\plugins\mcufinder//mcu/
2023-10-05 21:27:48,934 [WARN] DbFile:35 - Overriding database path with different value: C:\Users\mitph\.stmcufinder\plugins\mcufinder/ => C:\Users\mitph\.stmcufinder\plugins\mcufinder
2023-10-05 21:27:48,934 [INFO] DbBoardsDocs:110 - Set database path to: C:\Users\mitph\.stmcufinder\plugins\mcufinder//mcu/
2023-10-05 21:27:48,934 [WARN] DbFile:35 - Overriding database path with different value: C:\Users\mitph\.stmcufinder\plugins\mcufinder/ => C:\Users\mitph\.stmcufinder\plugins\mcufinder
2023-10-05 21:27:48,934 [INFO] DbBoardsJson:57 - Set database path to: C:\Users\mitph\.stmcufinder\plugins\mcufinder//mcu/
2023-10-05 21:27:48,935 [WARN] DbFile:35 - Overriding database path with different value: C:\Users\mitph\.stmcufinder\plugins\mcufinder/ => C:\Users\mitph\.stmcufinder\plugins\mcufinder
2023-10-05 21:27:48,935 [WARN] DbFile:35 - Overriding database path with different value: C:\Users\mitph\.stmcufinder\plugins\mcufinder/ => C:\Users\mitph\.stmcufinder\plugins\mcufinder
2023-10-05 21:27:49,820 [INFO] CrossReferenceDbSqlite:196 - Set database path to: C:\Users\mitph\.stmcufinder\plugins\mcufinder//mcu/cs/
2023-10-05 21:27:49,820 [WARN] DbFile:35 - Overriding database path with different value: C:\Users\mitph\.stmcufinder\plugins\mcufinder/ => C:\Users\mitph\.stmcufinder\plugins\mcufinder
2023-10-05 21:27:49,820 [INFO] DbExamplesSqlite:767 - Set database path to: C:\Users\mitph\.stmcufinder\plugins\mcufinder//mcu/
2023-10-05 21:27:49,865 [INFO] MainPanel:214 - HeapMemory: 268435456
2023-10-05 21:27:49,914 [INFO] DbMcusXml:74 - Set database path to: E:\STM32CubeIDE_1.7.0\STM32CubeIDE\plugins\com.st.stm32cube.common.mx_6.3.0.202107141111\\db\/mcu/
2023-10-05 21:27:49,914 [INFO] DbBoardsPdsc:56 - Set plugin database path to: E:\STM32CubeIDE_1.7.0\STM32CubeIDE\plugins\com.st.stm32cube.common.mx_6.3.0.202107141111\\db\/plugins/boardmanager/
2023-10-05 21:27:49,914 [INFO] DbMcus:258 - Set plugin images path to: E:\STM32CubeIDE_1.7.0\STM32CubeIDE\plugins\com.st.stm32cube.common.mx_6.3.0.202107141111\\db\/plugins/mcufinder/images/
2023-10-05 21:27:49,914 [INFO] DbBoards:264 - Set plugin images path to: E:\STM32CubeIDE_1.7.0\STM32CubeIDE\plugins\com.st.stm32cube.common.mx_6.3.0.202107141111\\db\/plugins/mcufinder/images/
2023-10-05 21:27:49,914 [INFO] DbExamples:333 - Set plugin images path to: E:\STM32CubeIDE_1.7.0\STM32CubeIDE\plugins\com.st.stm32cube.common.mx_6.3.0.202107141111\\db\/plugins/mcufinder/images/
2023-10-05 21:27:49,915 [WARN] DbFile:35 - Overriding database path with different value: C:\Users\mitph\.stmcufinder\plugins\mcufinder/ => C:\Users\mitph\.stmcufinder\plugins\mcufinder
2023-10-05 21:27:49,915 [INFO] DbMcusAds:119 - Set database path to: C:\Users\mitph\.stmcufinder\plugins\mcufinder//mcu/
2023-10-05 21:27:49,915 [WARN] DbFile:35 - Overriding database path with different value: C:\Users\mitph\.stmcufinder\plugins\mcufinder/ => C:\Users\mitph\.stmcufinder\plugins\mcufinder
2023-10-05 21:27:49,915 [INFO] DbMcusDocs:110 - Set database path to: C:\Users\mitph\.stmcufinder\plugins\mcufinder//mcu/
2023-10-05 21:27:49,915 [WARN] DbFile:35 - Overriding database path with different value: C:\Users\mitph\.stmcufinder\plugins\mcufinder/ => C:\Users\mitph\.stmcufinder\plugins\mcufinder
2023-10-05 21:27:49,915 [INFO] DbMcusJson:64 - Set database path to: C:\Users\mitph\.stmcufinder\plugins\mcufinder//mcu/
2023-10-05 21:27:49,915 [WARN] DbFile:35 - Overriding database path with different value: C:\Users\mitph\.stmcufinder\plugins\mcufinder/ => C:\Users\mitph\.stmcufinder\plugins\mcufinder
2023-10-05 21:27:49,915 [INFO] DbBoardsDocs:110 - Set database path to: C:\Users\mitph\.stmcufinder\plugins\mcufinder//mcu/
2023-10-05 21:27:49,915 [WARN] DbFile:35 - Overriding database path with different value: C:\Users\mitph\.stmcufinder\plugins\mcufinder/ => C:\Users\mitph\.stmcufinder\plugins\mcufinder
2023-10-05 21:27:49,915 [INFO] DbBoardsJson:57 - Set database path to: C:\Users\mitph\.stmcufinder\plugins\mcufinder//mcu/
2023-10-05 21:27:49,916 [WARN] DbFile:35 - Overriding database path with different value: C:\Users\mitph\.stmcufinder\plugins\mcufinder/ => C:\Users\mitph\.stmcufinder\plugins\mcufinder
2023-10-05 21:27:49,916 [WARN] DbFile:35 - Overriding database path with different value: C:\Users\mitph\.stmcufinder\plugins\mcufinder/ => C:\Users\mitph\.stmcufinder\plugins\mcufinder
2023-10-05 21:27:50,809 [INFO] CrossReferenceDbSqlite:196 - Set database path to: C:\Users\mitph\.stmcufinder\plugins\mcufinder//mcu/cs/
2023-10-05 21:27:50,809 [WARN] DbFile:35 - Overriding database path with different value: C:\Users\mitph\.stmcufinder\plugins\mcufinder/ => C:\Users\mitph\.stmcufinder\plugins\mcufinder
2023-10-05 21:27:50,809 [INFO] DbExamplesSqlite:767 - Set database path to: C:\Users\mitph\.stmcufinder\plugins\mcufinder//mcu/
2023-10-05 21:27:50,823 [INFO] ApplicationProperties:181 - Using Application install path: E:\STM32CubeIDE_1.7.0\STM32CubeIDE\plugins\com.st.stm32cube.common.mx_6.3.0.202107141111
2023-10-05 21:27:50,824 [INFO] PluginManage:188 - Search for loadable plugins [exclusion list=, ]
2023-10-05 21:27:50,825 [INFO] PluginManage:302 - Check plugin analytics
2023-10-05 21:27:51,855 [INFO] AnalyticsPlugin:257 - Accepted Software Licenses: 
2023-10-05 21:27:51,856 [INFO] AnalyticsPlugin:259 - Accepted CMSIS Pack Licenses: 
2023-10-05 21:27:51,856 [INFO] AnalyticsPlugin:261 - Accepted Firmware Licenses: 
2023-10-05 21:27:51,856 [INFO] PluginManage:352 - Loaded plugin analytics (category:tool,tabindex:-1)
2023-10-05 21:27:51,856 [INFO] PluginManage:302 - Check plugin clock
2023-10-05 21:27:51,863 [INFO] PluginManage:352 - Loaded plugin clock (category:base,tabindex:2)
2023-10-05 21:27:51,863 [INFO] PluginManage:302 - Check plugin ddr
2023-10-05 21:27:51,865 [INFO] PluginManage:352 - Loaded plugin ddr (category:tool,tabindex:6)
2023-10-05 21:27:51,865 [INFO] PluginManage:302 - Check plugin filemanager
2023-10-05 21:27:51,960 [INFO] PluginManage:352 - Loaded plugin filemanager (category:base,tabindex:10)
2023-10-05 21:27:51,960 [INFO] PluginManage:302 - Check plugin ipmanager
2023-10-05 21:27:51,965 [INFO] PluginManage:352 - Loaded plugin ipmanager (category:base,tabindex:5)
2023-10-05 21:27:51,965 [INFO] PluginManage:302 - Check plugin pinoutandconfiguration
2023-10-05 21:27:51,971 [INFO] PluginManage:352 - Loaded plugin pinoutandconfiguration (category:base,tabindex:1)
2023-10-05 21:27:51,971 [INFO] PluginManage:302 - Check plugin pinoutconfig
2023-10-05 21:27:51,992 [INFO] PluginManage:352 - Loaded plugin pinoutconfig (category:base,tabindex:0)
2023-10-05 21:27:51,992 [INFO] PluginManage:302 - Check plugin power
2023-10-05 21:27:51,999 [INFO] PluginManage:352 - Loaded plugin power (category:power,tabindex:4)
2023-10-05 21:27:51,999 [INFO] PluginManage:302 - Check plugin projectmanager
2023-10-05 21:27:52,013 [INFO] PluginManage:352 - Loaded plugin projectmanager (category:projectmanager,tabindex:3)
2023-10-05 21:27:52,013 [INFO] PluginManage:302 - Check plugin thirdparty
2023-10-05 21:27:52,125 [INFO] PluginManage:352 - Loaded plugin thirdparty (category:base,tabindex:-1)
2023-10-05 21:27:52,125 [WARN] IntegrityCheckThread:78 - waiting for thirdparty lock release [integrity check]
2023-10-05 21:27:52,126 [INFO] PluginManage:302 - Check plugin tools
2023-10-05 21:27:52,126 [INFO] IntegrityCheckThread:80 - entering critical section [integrity check]
2023-10-05 21:27:52,126 [INFO] ThirdPartyUpdaterWithRetryManager:66 - Updater plugin not ready yet. [1/15]
2023-10-05 21:27:52,128 [INFO] PluginManage:352 - Loaded plugin tools (category:base,tabindex:7)
2023-10-05 21:27:52,128 [INFO] PluginManage:302 - Check plugin tutovideos
2023-10-05 21:27:52,293 [INFO] PluginManage:352 - Loaded plugin tutovideos (category:base,tabindex:-1)
2023-10-05 21:27:52,294 [INFO] PluginManage:302 - Check plugin updater
2023-10-05 21:27:52,303 [INFO] PluginManage:352 - Loaded plugin updater (category:base,tabindex:12)
2023-10-05 21:27:52,303 [INFO] PluginManage:275 - PluginManage : Loaded plugins [13]
2023-10-05 21:27:52,426 [INFO] PinOutPanel:1463 - setPackage(No Configuration,No Configuration)
2023-10-05 21:27:52,497 [INFO] IPUIPlugin:74 - create IPUIPlugin
2023-10-05 21:27:52,498 [INFO] PluginManager:213 - loadIPPluginJar : add adc
2023-10-05 21:27:52,501 [INFO] IPUIPlugin:74 - create IPUIPlugin
2023-10-05 21:27:52,501 [INFO] PluginManager:213 - loadIPPluginJar : add aes
2023-10-05 21:27:52,504 [INFO] IPUIPlugin:74 - create IPUIPlugin
2023-10-05 21:27:52,504 [INFO] PluginManager:213 - loadIPPluginJar : add can
2023-10-05 21:27:52,506 [INFO] IPUIPlugin:74 - create IPUIPlugin
2023-10-05 21:27:52,507 [INFO] PluginManager:213 - loadIPPluginJar : add comp
2023-10-05 21:27:52,510 [INFO] IPUIPlugin:74 - create IPUIPlugin
2023-10-05 21:27:52,510 [INFO] PluginManager:213 - loadIPPluginJar : add cryp
2023-10-05 21:27:52,513 [INFO] IPUIPlugin:74 - create IPUIPlugin
2023-10-05 21:27:52,513 [INFO] PluginManager:213 - loadIPPluginJar : add dfsdm
2023-10-05 21:27:52,520 [INFO] IPUIPlugin:74 - create IPUIPlugin
2023-10-05 21:27:52,520 [INFO] PluginManager:213 - loadIPPluginJar : add dma
2023-10-05 21:27:52,523 [INFO] IPUIPlugin:74 - create IPUIPlugin
2023-10-05 21:27:52,524 [INFO] PluginManager:213 - loadIPPluginJar : add dma3
2023-10-05 21:27:52,525 [INFO] IPUIPlugin:74 - create IPUIPlugin
2023-10-05 21:27:52,525 [INFO] PluginManager:213 - loadIPPluginJar : add fatfs
2023-10-05 21:27:52,528 [INFO] IPUIPlugin:74 - create IPUIPlugin
2023-10-05 21:27:52,528 [INFO] PluginManager:213 - loadIPPluginJar : add fmc
2023-10-05 21:27:52,532 [INFO] IPUIPlugin:74 - create IPUIPlugin
2023-10-05 21:27:52,533 [INFO] PluginManager:213 - loadIPPluginJar : add freertos
2023-10-05 21:27:52,534 [INFO] IPUIPlugin:74 - create IPUIPlugin
2023-10-05 21:27:52,535 [INFO] PluginManager:213 - loadIPPluginJar : add genericplugin
2023-10-05 21:27:52,537 [INFO] IPUIPlugin:74 - create IPUIPlugin
2023-10-05 21:27:52,537 [INFO] PluginManager:213 - loadIPPluginJar : add gfxmmu
2023-10-05 21:27:52,542 [INFO] IPUIPlugin:74 - create IPUIPlugin
2023-10-05 21:27:52,542 [INFO] PluginManager:213 - loadIPPluginJar : add gic
2023-10-05 21:27:52,546 [INFO] IPUIPlugin:74 - create IPUIPlugin
2023-10-05 21:27:52,546 [INFO] PluginManager:213 - loadIPPluginJar : add gpio
2023-10-05 21:27:52,548 [INFO] IPUIPlugin:74 - create IPUIPlugin
2023-10-05 21:27:52,548 [INFO] PluginManager:213 - loadIPPluginJar : add gtzc
2023-10-05 21:27:52,550 [INFO] IPUIPlugin:74 - create IPUIPlugin
2023-10-05 21:27:52,550 [INFO] PluginManager:213 - loadIPPluginJar : add hash
2023-10-05 21:27:52,552 [INFO] IPUIPlugin:74 - create IPUIPlugin
2023-10-05 21:27:52,552 [INFO] PluginManager:213 - loadIPPluginJar : add i2c
2023-10-05 21:27:52,553 [INFO] IPUIPlugin:74 - create IPUIPlugin
2023-10-05 21:27:52,554 [INFO] PluginManager:213 - loadIPPluginJar : add i2s
2023-10-05 21:27:52,556 [INFO] IPUIPlugin:74 - create IPUIPlugin
2023-10-05 21:27:52,556 [INFO] PluginManager:213 - loadIPPluginJar : add ipddr
2023-10-05 21:27:52,562 [INFO] IPUIPlugin:74 - create IPUIPlugin
2023-10-05 21:27:52,562 [INFO] PluginManager:213 - loadIPPluginJar : add linkedlist
2023-10-05 21:27:52,563 [INFO] IPUIPlugin:74 - create IPUIPlugin
2023-10-05 21:27:52,564 [INFO] PluginManager:213 - loadIPPluginJar : add lorawan
2023-10-05 21:27:52,564 [INFO] IPUIPlugin:74 - create IPUIPlugin
2023-10-05 21:27:52,565 [INFO] PluginManager:213 - loadIPPluginJar : add ltdc
2023-10-05 21:27:52,567 [INFO] IPUIPlugin:74 - create IPUIPlugin
2023-10-05 21:27:52,567 [INFO] PluginManager:213 - loadIPPluginJar : add mdma
2023-10-05 21:27:52,569 [INFO] IPUIPlugin:74 - create IPUIPlugin
2023-10-05 21:27:52,570 [INFO] PluginManager:213 - loadIPPluginJar : add nvic
2023-10-05 21:27:52,572 [INFO] IPUIPlugin:74 - create IPUIPlugin
2023-10-05 21:27:52,572 [INFO] PluginManager:213 - loadIPPluginJar : add opamp
2023-10-05 21:27:52,573 [INFO] IPUIPlugin:74 - create IPUIPlugin
2023-10-05 21:27:52,574 [INFO] PluginManager:213 - loadIPPluginJar : add openamp
2023-10-05 21:27:52,575 [INFO] IPUIPlugin:74 - create IPUIPlugin
2023-10-05 21:27:52,576 [INFO] PluginManager:213 - loadIPPluginJar : add pdm2pcm
2023-10-05 21:27:52,580 [INFO] IPUIPlugin:74 - create IPUIPlugin
2023-10-05 21:27:52,582 [INFO] PluginManager:213 - loadIPPluginJar : add plateformsettings
2023-10-05 21:27:52,584 [INFO] IPUIPlugin:74 - create IPUIPlugin
2023-10-05 21:27:52,584 [INFO] PluginManager:213 - loadIPPluginJar : add quadspi
2023-10-05 21:27:52,586 [INFO] IPUIPlugin:74 - create IPUIPlugin
2023-10-05 21:27:52,586 [INFO] PluginManager:213 - loadIPPluginJar : add resmgrutility
2023-10-05 21:27:52,588 [INFO] IPUIPlugin:74 - create IPUIPlugin
2023-10-05 21:27:52,588 [INFO] PluginManager:213 - loadIPPluginJar : add sai
2023-10-05 21:27:52,591 [INFO] IPUIPlugin:74 - create IPUIPlugin
2023-10-05 21:27:52,591 [INFO] PluginManager:213 - loadIPPluginJar : add spi
2023-10-05 21:27:52,595 [INFO] IPUIPlugin:74 - create IPUIPlugin
2023-10-05 21:27:52,595 [INFO] PluginManager:213 - loadIPPluginJar : add stm32_wpan
2023-10-05 21:27:52,597 [INFO] IPUIPlugin:74 - create IPUIPlugin
2023-10-05 21:27:52,597 [INFO] PluginManager:213 - loadIPPluginJar : add tim
2023-10-05 21:27:52,599 [INFO] IPUIPlugin:74 - create IPUIPlugin
2023-10-05 21:27:52,599 [INFO] PluginManager:213 - loadIPPluginJar : add touchsensing
2023-10-05 21:27:52,600 [INFO] IPUIPlugin:74 - create IPUIPlugin
2023-10-05 21:27:52,600 [INFO] PluginManager:213 - loadIPPluginJar : add tracer_emb
2023-10-05 21:27:52,602 [INFO] IPUIPlugin:74 - create IPUIPlugin
2023-10-05 21:27:52,602 [INFO] PluginManager:213 - loadIPPluginJar : add ts
2023-10-05 21:27:52,603 [INFO] IPUIPlugin:74 - create IPUIPlugin
2023-10-05 21:27:52,603 [INFO] PluginManager:213 - loadIPPluginJar : add tsc
2023-10-05 21:27:52,604 [INFO] IPUIPlugin:74 - create IPUIPlugin
2023-10-05 21:27:52,605 [INFO] PluginManager:213 - loadIPPluginJar : add ucpd
2023-10-05 21:27:52,607 [INFO] IPUIPlugin:74 - create IPUIPlugin
2023-10-05 21:27:52,608 [INFO] PluginManager:213 - loadIPPluginJar : add usart
2023-10-05 21:27:52,610 [INFO] IPUIPlugin:74 - create IPUIPlugin
2023-10-05 21:27:52,611 [INFO] PluginManager:213 - loadIPPluginJar : add usbx
2023-10-05 21:27:52,877 [FATAL] Updater:294 - Updater called before beeing initialized
2023-10-05 21:27:52,963 [FATAL] Updater:294 - Updater called before beeing initialized
2023-10-05 21:27:52,967 [INFO] DbMcusAds:47 - JSON generation date=Tue Mar 07 15:50:55 ICT 2023 (1678179055114)
2023-10-05 21:27:52,967 [FATAL] Updater:294 - Updater called before beeing initialized
2023-10-05 21:27:52,996 [WARN] DetailPanel:314 - Failed to get advertising image, set to default
2023-10-05 21:27:53,080 [FATAL] Updater:294 - Updater called before beeing initialized
2023-10-05 21:27:53,082 [FATAL] Updater:294 - Updater called before beeing initialized
2023-10-05 21:27:53,082 [FATAL] Updater:294 - Updater called before beeing initialized
2023-10-05 21:27:53,082 [WARN] DetailPanel:314 - Failed to get advertising image, set to default
2023-10-05 21:27:53,083 [FATAL] Updater:294 - Updater called before beeing initialized
2023-10-05 21:27:53,124 [ERROR] Updater:1075 - MainUpdater not yet initialized. External WinMGr cannot be set.
2023-10-05 21:27:53,127 [INFO] Updater:1012 - Updater Version found : 6.3.0
2023-10-05 21:27:53,141 [INFO] ApplicationProperties:181 - Using Application install path: E:\STM32CubeIDE_1.7.0\STM32CubeIDE\plugins\com.st.stm32cube.common.mx_6.3.0.202107141111
2023-10-05 21:27:55,128 [INFO] ThirdPartyUpdaterWithRetryManager:66 - Updater plugin not ready yet. [2/15]
2023-10-05 21:27:56,220 [INFO] MainUpdater:2671 - connection check result : 10
2023-10-05 21:27:56,220 [INFO] MainUpdater:265 - Updater Check For Update Now.
2023-10-05 21:27:56,220 [INFO] MicroXplorer:478 - Change Database Version : DB.6.0.30
2023-10-05 21:27:56,379 [INFO] CheckServerUpdateThread:112 - End of CheckServer Thread
2023-10-05 21:27:56,437 [INFO] MainUpdater:2671 - connection check result : 10
2023-10-05 21:27:56,629 [INFO] McuFinderGlobals:52 - Set McuFinderConnectedMode to false
2023-10-05 21:27:56,698 [INFO] CrossSelectorPresenter:1330 - Cross Selector saved comparison directory: C:\Users\mitph\.stmcufinder\plugins\mcufinder\mcu\cs_comparisons_mx
2023-10-05 21:27:56,702 [INFO] MultiScanPanel:197 - Auto-refresh data requested => check proxy status ongoing
2023-10-05 21:27:56,702 [INFO] MultiScanPanel:201 - Proxy status is invalid
2023-10-05 21:27:56,705 [INFO] FinderPluginLoader:87 - Searching for filters in installed packs
2023-10-05 21:27:56,706 [INFO] DbMcusXml:100 - Load MCU database from E:\STM32CubeIDE_1.7.0\STM32CubeIDE\plugins\com.st.stm32cube.common.mx_6.3.0.202107141111\\db\/mcu/families.xml
2023-10-05 21:27:57,391 [INFO] DbMcusJson:93 - JSON generation date=Tue Nov 16 23:17:54 ICT 2021 (1637079474)
2023-10-05 21:27:57,928 [INFO] DbMcus:175 - Found 1951 MCUs (1903 are supported by CubeMX, 1914 are visible in CubeMX)
2023-10-05 21:27:57,928 [INFO] ApiDb:251 - Load user favorites file C:\Users\mitph/.stm32cubeide/favorites.mcus.txt: 2 item(s)
2023-10-05 21:27:57,928 [INFO] ApiDb:255 - User favorites MCUs=[STM32F103C6Ux, STM32F103RBTx]
2023-10-05 21:27:57,929 [INFO] DbMcus:187 - Set 2 / 2 favorites MCUs
2023-10-05 21:27:58,220 [ERROR] Engine:463 - C:\Users\mitph\.stm32cubemx\thirdparties\pdsc\STMicroelectronics.X-CUBE-SMBUS.2.1.0.pdsc: PDSC version is not supported
2023-10-05 21:27:58,262 [WARN] PackLoader:238 - Cannot read IP mode file for STMicroelectronics.X-CUBE-AZRTOS-F7.1.1.0
2023-10-05 21:27:58,268 [ERROR] Engine:463 - C:\Users\mitph\.stm32cubemx\thirdparties\pdsc\STMicroelectronics.FP-SNS-MOTENV1.4.3.2.pdsc: PDSC version is not supported
2023-10-05 21:27:58,270 [ERROR] Engine:463 - C:\Users\mitph\.stm32cubemx\thirdparties\pdsc\STMicroelectronics.FP-SNS-FLIGHT1.5.0.2.pdsc: PDSC version is not supported
2023-10-05 21:27:58,272 [ERROR] Engine:463 - C:\Users\mitph\.stm32cubemx\thirdparties\pdsc\STMicroelectronics.X-CUBE-DISPLAY.3.0.0.pdsc: PDSC version is not supported
2023-10-05 21:27:58,274 [INFO] DetailPanel:309 - Set advertising image to C:/Users/mitph/STM32Cube/Repository/\en.prom-stm32h5-mcu-finder.jpg
2023-10-05 21:27:58,278 [WARN] PackLoader:238 - Cannot read IP mode file for STMicroelectronics.X-CUBE-BLE1.7.0.0
2023-10-05 21:27:58,280 [ERROR] Engine:463 - C:\Users\mitph\.stm32cubemx\thirdparties\pdsc\emotas.I-CUBE-CANOPEN.1.3.0.pdsc: PDSC version is not supported
2023-10-05 21:27:58,283 [WARN] PackLoader:238 - Cannot read IP mode file for STMicroelectronics.X-CUBE-TOUCHGFX.4.22.0
2023-10-05 21:27:58,285 [WARN] PackLoader:238 - Cannot read IP mode file for STMicroelectronics.X-CUBE-TOUCHGFX.4.22.1
2023-10-05 21:27:58,286 [ERROR] Engine:463 - C:\Users\mitph\.stm32cubemx\thirdparties\pdsc\STMicroelectronics.FP-SNS-SMARTAG2.1.2.0.pdsc: PDSC version is not supported
2023-10-05 21:27:58,295 [INFO] LogOutputStream:76 - [STDOUT_REDIRECT] 1 : Invalid condition id : UX_CORESTACK_Condition cause : null
2023-10-05 21:27:58,297 [INFO] LogOutputStream:76 - [STDOUT_REDIRECT] 1 : Invalid condition id : UX_CORESTACK_Condition cause : null
2023-10-05 21:27:58,298 [INFO] LogOutputStream:76 - [STDOUT_REDIRECT] 1 : Invalid condition id : UX_CORESTACK_Condition cause : null
2023-10-05 21:27:58,299 [INFO] LogOutputStream:76 - [STDOUT_REDIRECT] 1 : Invalid condition id : UX_CORESTACK_Condition cause : null
2023-10-05 21:27:58,300 [INFO] LogOutputStream:76 - [STDOUT_REDIRECT] 1 : Invalid condition id : UX_CORESTACK_Condition cause : null
2023-10-05 21:27:58,303 [WARN] PackLoader:238 - Cannot read IP mode file for STMicroelectronics.X-CUBE-AZRTOS-WL.2.0.0
2023-10-05 21:27:58,312 [WARN] PackLoader:238 - Cannot read IP mode file for WES.I-CUBE-Cesium.1.3.0
2023-10-05 21:27:58,323 [WARN] PackLoader:238 - Cannot read IP mode file for STMicroelectronics.X-CUBE-BLE2.3.3.0
2023-10-05 21:27:58,329 [WARN] PackLoader:238 - Cannot read IP mode file for STMicroelectronics.X-CUBE-ALGOBUILD.1.3.0
2023-10-05 21:27:58,347 [WARN] PackLoader:238 - Cannot read IP mode file for STMicroelectronics.X-CUBE-AZRTOS-G0.1.1.0
2023-10-05 21:27:58,355 [WARN] PackLoader:238 - Cannot read IP mode file for STMicroelectronics.X-CUBE-NFC4.3.0.0
2023-10-05 21:27:58,360 [WARN] PackLoader:238 - Cannot read IP mode file for STMicroelectronics.FP-ATR-SIGFOX1.3.2.0
2023-10-05 21:27:58,391 [WARN] PackLoader:238 - Cannot read IP mode file for SEGGER.I-CUBE-embOS.1.3.1
2023-10-05 21:27:58,437 [WARN] PackLoader:238 - Cannot read IP mode file for STMicroelectronics.X-CUBE-GNSS1.6.0.0
2023-10-05 21:27:58,458 [WARN] PackLoader:238 - Cannot read IP mode file for STMicroelectronics.X-CUBE-AZRTOS-F4.1.1.0
2023-10-05 21:27:58,464 [WARN] PackLoader:238 - Cannot read IP mode file for wolfSSL.I-CUBE-wolfSSL.5.6.3
2023-10-05 21:27:58,478 [WARN] PackLoader:238 - Cannot read IP mode file for STMicroelectronics.X-CUBE-AZRTOS-L5.2.0.0
2023-10-05 21:27:58,541 [WARN] PackLoader:238 - Cannot read IP mode file for STMicroelectronics.X-CUBE-MEMS1.9.6.0
2023-10-05 21:27:58,624 [INFO] DbBoardsPdsc:90 - Found 25 items
2023-10-05 21:27:58,625 [INFO] DbBoardsPdsc:90 - Found 9 items
2023-10-05 21:27:58,627 [INFO] DbBoardsPdsc:90 - Found 33 items
2023-10-05 21:27:58,628 [INFO] DbBoardsPdsc:90 - Found 1 items
2023-10-05 21:27:58,633 [INFO] DbBoardsPdsc:90 - Found 48 items
2023-10-05 21:27:58,638 [INFO] DbBoardsPdsc:90 - Found 43 items
2023-10-05 21:27:58,638 [INFO] DbBoardsPdsc:90 - Found 2 items
2023-10-05 21:27:58,639 [INFO] DbBoardsPdsc:90 - Found 5 items
2023-10-05 21:27:58,642 [WARN] DbBoardsPdsc:254 - Board STM32H7B3I-DK: unknown feature type=Audio, name=, username=Audio stereo codec with Headphone Amp (CS42L51-CNZ), n=1
2023-10-05 21:27:58,643 [WARN] DbBoardsPdsc:254 - Board STM32H735G-DK: unknown feature type=Audio, name=, username=Audio stereo codec with Headphone Amp (WM8994ECS/R), n=1
2023-10-05 21:27:58,644 [WARN] DbBoardsPdsc:254 - Board STM32H7B3I-EVAL: unknown feature type=Audio, name=, username=Multi-Channel Audio Codec (CS42L51-CNZ), n=1
2023-10-05 21:27:58,644 [WARN] DbBoardsPdsc:254 - Board STM32H7B3I-EVAL: unknown feature type=Meter, name=, username=Power-metering and Temperature-monitoring with sigma-delta modulators, n=1
2023-10-05 21:27:58,644 [WARN] DbBoardsPdsc:254 - Board STM32H7B3I-EVAL: unknown feature type=Motor, name=, username=Motor Control, n=1
2023-10-05 21:27:58,652 [WARN] DbBoardsPdsc:254 - Board STM32U575I-EV: unknown feature type=joystick, name=, username=4-direction joystick with selection button, n=1
2023-10-05 21:27:58,667 [INFO] DbBoardsJson:86 - JSON generation date=Tue Nov 16 23:17:54 ICT 2021 (1637079474)
2023-10-05 21:27:58,673 [INFO] DbBoards:117 - Found 167 boards (163 are supported by CubeMX)
2023-10-05 21:27:58,678 [INFO] DbBoardsDocs:143 - JSON generation date=Tue Nov 16 23:17:54 ICT 2021 (1637079474)
2023-10-05 21:27:58,681 [INFO] DbBoardsDocs:79 - Found 209 boards documents
2023-10-05 21:27:58,681 [WARN] DbBoards:127 - board B-L475E-IOT01A2 has no document id list !
2023-10-05 21:27:58,682 [WARN] DbBoards:127 - board NUCLEO-H743ZI has no document id list !
2023-10-05 21:27:58,683 [WARN] DbBoards:127 - board NUCLEO-WL55JC2 has no document id list !
2023-10-05 21:27:58,683 [WARN] DbBoards:127 - board P-NUCLEO-WB55-Nucleo has no document id list !
2023-10-05 21:27:58,683 [WARN] DbBoards:127 - board P-NUCLEO-WB55-USBDongle has no document id list !
2023-10-05 21:27:58,683 [WARN] DbBoards:127 - board STEVAL-BFA001V1B has no document id list !
2023-10-05 21:27:58,683 [WARN] DbBoards:127 - board STEVAL-BFA001V2B has no document id list !
2023-10-05 21:27:58,683 [WARN] DbBoards:127 - board STEVAL-IDP005V1 has no document id list !
2023-10-05 21:27:58,683 [WARN] DbBoards:127 - board STEVAL-IDP005V2 has no document id list !
2023-10-05 21:27:58,683 [WARN] DbBoards:127 - board STEVAL-MKSBOX1V1 has no document id list !
2023-10-05 21:27:58,683 [WARN] DbBoards:127 - board STEVAL-STWINKT1 has no document id list !
2023-10-05 21:27:58,683 [WARN] DbBoards:127 - board STEVAL-STWINKT1B has no document id list !
2023-10-05 21:27:58,683 [WARN] DbBoards:127 - board STM32439I-EVAL2 has no document id list !
2023-10-05 21:27:58,684 [WARN] DbBoards:127 - board STM32F401C-DISCO has no document id list !
2023-10-05 21:27:58,684 [WARN] DbBoards:127 - board STM32F769I-DISC1 has no document id list !
2023-10-05 21:27:58,684 [WARN] DbBoards:127 - board STM32G474E-EVAL1 has no document id list !
2023-10-05 21:27:58,684 [WARN] DbBoards:127 - board STM32H743I-EVAL2 has no document id list !
2023-10-05 21:27:58,684 [WARN] DbBoards:127 - board STM32H747I-DISC1 has no document id list !
2023-10-05 21:27:58,685 [WARN] DbBoards:127 - board STM32H753I-EVAL2 has no document id list !
2023-10-05 21:27:58,685 [WARN] DbBoards:127 - board STM32L-DISCOVERY has no document id list !
2023-10-05 21:27:58,693 [ERROR] Engine:463 - C:\Users\mitph\.stm32cubemx\thirdparties\pdsc\ITTIA_DB.I-CUBE-ITTIADB.8.8.0.pdsc: PDSC version is not supported
2023-10-05 21:27:58,698 [WARN] PackLoader:238 - Cannot read IP mode file for STMicroelectronics.X-CUBE-BLEMGR.2.0.0
2023-10-05 21:27:58,715 [WARN] ConditionMgr:437 - getConditionDescription Invalid condition id : UX DEVICE CLASS RTOS Condition cause : null
2023-10-05 21:27:58,715 [WARN] ConditionMgr:437 - getConditionDescription Invalid condition id : UX DEVICE CLASS RTOS Condition cause : null
2023-10-05 21:27:58,717 [WARN] PackLoader:238 - Cannot read IP mode file for STMicroelectronics.X-CUBE-AZRTOS-H7.3.1.0
2023-10-05 21:27:58,725 [WARN] ConditionMgr:1038 - genDependencies : Invalid condition id : UX DEVICE CLASS RTOS Condition cause : null
2023-10-05 21:27:58,726 [WARN] ConditionMgr:1038 - genDependencies : Invalid condition id : UX DEVICE CLASS RTOS Condition cause : null
2023-10-05 21:27:58,727 [WARN] ConditionMgr:1038 - genDependencies : Invalid condition id : UX DEVICE CLASS RTOS Condition cause : null
2023-10-05 21:27:58,727 [WARN] ConditionMgr:1038 - genDependencies : Invalid condition id : UX DEVICE CLASS RTOS Condition cause : null
2023-10-05 21:27:58,727 [WARN] ConditionMgr:1038 - genDependencies : Invalid condition id : UX DEVICE CLASS RTOS Condition cause : null
2023-10-05 21:27:58,732 [WARN] PackLoader:238 - Cannot read IP mode file for STMicroelectronics.X-CUBE-NFC7.1.0.1
2023-10-05 21:27:58,738 [WARN] PackLoader:238 - Cannot read IP mode file for STMicroelectronics.X-CUBE-NFC6.3.0.0
2023-10-05 21:27:58,745 [WARN] PackLoader:238 - Cannot read IP mode file for STMicroelectronics.X-CUBE-EEPRMA1.4.1.0
2023-10-05 21:27:58,749 [WARN] PackLoader:238 - Cannot read IP mode file for STMicroelectronics.X-CUBE-AI.8.1.0
2023-10-05 21:27:58,765 [WARN] ConditionMgr:437 - getConditionDescription Invalid condition id : LAN8742 Phy interface Condition cause : null
2023-10-05 21:27:58,766 [WARN] PackLoader:238 - Cannot read IP mode file for STMicroelectronics.X-CUBE-AZRTOS-L4.2.0.0
2023-10-05 21:27:58,767 [WARN] ConditionMgr:1038 - genDependencies : Invalid condition id : LAN8742 Phy interface Condition cause : null
2023-10-05 21:27:58,767 [WARN] ConditionMgr:1038 - genDependencies : Invalid condition id : LAN8742 Phy interface Condition cause : null
2023-10-05 21:27:58,767 [WARN] ConditionMgr:1038 - genDependencies : Invalid condition id : LAN8742 Phy interface Condition cause : null
2023-10-05 21:27:58,772 [WARN] PackLoader:238 - Cannot read IP mode file for STMicroelectronics.X-CUBE-SFXS2LP1.4.0.0
2023-10-05 21:27:58,776 [WARN] PackLoader:238 - Cannot read IP mode file for STMicroelectronics.X-CUBE-ISPU.1.1.0
2023-10-05 21:27:58,786 [WARN] ConditionMgr:437 - getConditionDescription Invalid condition id : UX DEVICE CLASS RTOS Condition cause : null
2023-10-05 21:27:58,787 [WARN] ConditionMgr:437 - getConditionDescription Invalid condition id : UX DEVICE CLASS RTOS Condition cause : null
2023-10-05 21:27:58,789 [WARN] PackLoader:238 - Cannot read IP mode file for STMicroelectronics.X-CUBE-AZRTOS-WB.2.0.0
2023-10-05 21:27:58,790 [WARN] ConditionMgr:1038 - genDependencies : Invalid condition id : UX DEVICE CLASS RTOS Condition cause : null
2023-10-05 21:27:58,790 [WARN] ConditionMgr:1038 - genDependencies : Invalid condition id : UX DEVICE CLASS RTOS Condition cause : null
2023-10-05 21:27:58,790 [WARN] ConditionMgr:1038 - genDependencies : Invalid condition id : UX DEVICE CLASS RTOS Condition cause : null
2023-10-05 21:27:58,791 [WARN] ConditionMgr:1038 - genDependencies : Invalid condition id : UX DEVICE CLASS RTOS Condition cause : null
2023-10-05 21:27:58,791 [WARN] ConditionMgr:1038 - genDependencies : Invalid condition id : UX DEVICE CLASS RTOS Condition cause : null
2023-10-05 21:27:58,804 [ERROR] DbBoards:189 - Image file not found for board B-U585I-IOT02A: E:\STM32CubeIDE_1.7.0\STM32CubeIDE\plugins\com.st.stm32cube.common.mx_6.3.0.202107141111\\db\/plugins/mcufinder/images/boards/B-U585I-IOT02A_small.jpg
2023-10-05 21:27:58,806 [WARN] PackLoader:238 - Cannot read IP mode file for STMicroelectronics.X-CUBE-SUBG2.5.0.0
2023-10-05 21:27:58,817 [ERROR] Engine:463 - C:\Users\mitph\.stm32cubemx\thirdparties\pdsc\STMicroelectronics.X-CUBE-TOF1.3.3.1.pdsc: PDSC version is not supported
2023-10-05 21:27:58,833 [WARN] PackLoader:238 - Cannot read IP mode file for STMicroelectronics.X-CUBE-AZRTOS-G4.2.0.0
2023-10-05 21:27:58,836 [ERROR] Engine:463 - C:\Users\mitph\.stm32cubemx\thirdparties\pdsc\STMicroelectronics.X-CUBE-FREERTOS.1.1.0.pdsc: PDSC version is not supported
2023-10-05 21:27:58,841 [WARN] PackLoader:238 - Cannot read IP mode file for portGmbH.I-Cube-SoM-uGOAL.1.1.0
2023-10-05 21:27:58,845 [WARN] PackLoader:238 - Cannot read IP mode file for STMicroelectronics.X-CUBE-ALS.1.0.1
2023-10-05 21:27:58,848 [WARN] PackLoader:238 - Cannot read IP mode file for STMicroelectronics.FP-ATR-ASTRA1.2.0.0
2023-10-05 21:27:58,848 [INFO] ThirdParty:915 - Integrity check success = true
2023-10-05 21:27:58,848 [INFO] IntegrityCheckThread:94 - exiting critical section [integrity check]
2023-10-05 21:27:58,848 [INFO] IntegrityCheckThread:97 - End integrity checks thread
2023-10-05 21:27:58,889 [ERROR] DbBoards:189 - Image file not found for board NUCLEO-F413ZH: E:\STM32CubeIDE_1.7.0\STM32CubeIDE\plugins\com.st.stm32cube.common.mx_6.3.0.202107141111\\db\/plugins/mcufinder/images/boards/nucleo-f413zh_small.jpg
2023-10-05 21:27:59,044 [ERROR] DbBoards:189 - Image file not found for board NUCLEO-L552ZE-Q: E:\STM32CubeIDE_1.7.0\STM32CubeIDE\plugins\com.st.stm32cube.common.mx_6.3.0.202107141111\\db\/plugins/mcufinder/images/boards/nucleo_l552ze_q_small.jpg
2023-10-05 21:27:59,044 [ERROR] DbBoards:189 - Image file not found for board NUCLEO-U575ZI-Q: E:\STM32CubeIDE_1.7.0\STM32CubeIDE\plugins\com.st.stm32cube.common.mx_6.3.0.202107141111\\db\/plugins/mcufinder/images/boards/nucleo-u575zi-q_small.jpg
2023-10-05 21:27:59,044 [ERROR] DbBoards:189 - Image file not found for board NUCLEO-WB15CC: E:\STM32CubeIDE_1.7.0\STM32CubeIDE\plugins\com.st.stm32cube.common.mx_6.3.0.202107141111\\db\/plugins/mcufinder/images/boards/nucleo-wb15cc_small.jpg
2023-10-05 21:27:59,044 [ERROR] DbBoards:189 - Image file not found for board NUCLEO-WB55RG: E:\STM32CubeIDE_1.7.0\STM32CubeIDE\plugins\com.st.stm32cube.common.mx_6.3.0.202107141111\\db\/plugins/mcufinder/images/boards/nucleo-wb55rg_small.jpg
2023-10-05 21:27:59,914 [INFO] ApiDb:251 - Load user favorites file C:\Users\mitph/.stm32cubeide/favorites.boards.txt: 0 item(s)
2023-10-05 21:27:59,914 [INFO] ApiDb:255 - User favorites Boards=[]
2023-10-05 21:27:59,915 [INFO] DbBoards:206 - Set 0 / 0 favorites Boards
2023-10-05 21:28:03,397 [INFO] DbMcusDocs:143 - JSON generation date=Tue Nov 16 23:17:54 ICT 2021 (1637079474)
2023-10-05 21:28:03,673 [INFO] DbMcusDocs:79 - Found 682 MCUs documents
2023-10-05 21:29:52,379 [INFO] MainUpdater:2671 - connection check result : 10
2023-10-05 21:29:52,379 [INFO] MainUpdater:2671 - connection check result : 10
2023-10-05 21:29:52,405 [INFO] MicroXplorer:448 - Change Database Path : 
2023-10-05 21:29:52,406 [INFO] MicroXplorer:478 - Change Database Version : DB.6.0.30
2023-10-05 21:29:52,406 [WARN] ThirdParty:813 - waiting for thirdparty lock release [close project]
2023-10-05 21:29:52,406 [INFO] ThirdParty:815 - entering critical section [close project]
2023-10-05 21:29:52,407 [INFO] ThirdParty:825 - exiting critical section [close project]
2023-10-05 21:29:52,411 [INFO] PinOutPanel:1463 - setPackage(No Configuration,No Configuration)
2023-10-05 21:29:52,412 [INFO] UtilMem:74 - Begin LoadConfig() Used Memory: 555756856 Bytes (575668224)
2023-10-05 21:29:52,413 [INFO] MicroXplorer:448 - Change Database Path : 
2023-10-05 21:29:52,413 [INFO] MicroXplorer:478 - Change Database Version : DB.6.0.30
2023-10-05 21:29:52,413 [INFO] OpenFileManager:313 - Change cursor
2023-10-05 21:29:53,001 [INFO] Context:592 - Trying to add GPIOservice into a context  which must be forbidden
2023-10-05 21:29:53,144 [INFO] ImportTextPane:167 - (OptionalMessage_ERROR) Unable to find key (Mcu.ThirdPartyNb) in loaded IOC file
2023-10-05 21:29:53,144 [INFO] ImportTextPane:167 - (OptionalMessage_ERROR) Unable to find key (Mcu.PinsNb) in loaded IOC file
2023-10-05 21:29:53,144 [INFO] ImportTextPane:167 - (OptionalMessage_ERROR) Unable to find key (Mcu.IPNb) in loaded IOC file
2023-10-05 21:29:53,179 [WARN] ApiManager:304 - Cannot register API 'Board Extension:GNSS1A1' from pack STMicroelectronics.X-CUBE-GNSS1.6.0.0: no header file found
2023-10-05 21:29:53,179 [WARN] ApiManager:304 - Cannot register API 'Board Support:Custom' from pack STMicroelectronics.X-CUBE-GNSS1.6.0.0: no header file found
2023-10-05 21:29:53,179 [WARN] ApiManager:304 - Cannot register API 'Data Exchange:lib_gnss' from pack STMicroelectronics.X-CUBE-GNSS1.6.0.0: no header file found
2023-10-05 21:29:53,183 [WARN] ApiManager:304 - Cannot register API 'Wireless:BlueNRG-MS' from pack STMicroelectronics.X-CUBE-BLE1.7.0.0: no header file found
2023-10-05 21:29:53,186 [WARN] ModelIntegratedComponent:60 - No mode defined for component null
2023-10-05 21:29:53,186 [WARN] ModelIntegratedComponent:60 - No mode defined for component null
2023-10-05 21:29:53,186 [WARN] ModelIntegratedComponent:60 - No mode defined for component null
2023-10-05 21:29:53,186 [WARN] ModelIntegratedComponent:60 - No mode defined for component null
2023-10-05 21:29:53,186 [WARN] ModelIntegratedComponent:60 - No mode defined for component null
2023-10-05 21:29:53,186 [WARN] ModelIntegratedComponent:60 - No mode defined for component null
2023-10-05 21:29:53,186 [WARN] ModelIntegratedComponent:60 - No mode defined for component null
2023-10-05 21:29:53,186 [WARN] ModelIntegratedComponent:60 - No mode defined for component null
2023-10-05 21:29:53,186 [WARN] ModelIntegratedComponent:60 - No mode defined for component null
2023-10-05 21:29:53,186 [WARN] ModelIntegratedComponent:60 - No mode defined for component null
2023-10-05 21:29:53,186 [WARN] ModelIntegratedComponent:60 - No mode defined for component null
2023-10-05 21:29:53,186 [WARN] ModelIntegratedComponent:60 - No mode defined for component null
2023-10-05 21:29:53,187 [WARN] ModelIntegratedComponent:60 - No mode defined for component null
2023-10-05 21:29:53,187 [WARN] ModelIntegratedComponent:60 - No mode defined for component null
2023-10-05 21:29:53,187 [WARN] ModelIntegratedComponent:60 - No mode defined for component null
2023-10-05 21:29:53,187 [WARN] ModelIntegratedComponent:60 - No mode defined for component null
2023-10-05 21:29:53,187 [WARN] ModelIntegratedComponent:60 - No mode defined for component null
2023-10-05 21:29:53,187 [WARN] ModelIntegratedComponent:60 - No mode defined for component null
2023-10-05 21:29:53,187 [WARN] ModelIntegratedComponent:60 - No mode defined for component null
2023-10-05 21:29:53,187 [WARN] ModelIntegratedComponent:60 - No mode defined for component null
2023-10-05 21:29:53,187 [WARN] ModelIntegratedComponent:60 - No mode defined for component null
2023-10-05 21:29:53,187 [WARN] ModelIntegratedComponent:60 - No mode defined for component null
2023-10-05 21:29:53,187 [WARN] ModelIntegratedComponent:60 - No mode defined for component null
2023-10-05 21:29:53,187 [WARN] ModelIntegratedComponent:60 - No mode defined for component null
2023-10-05 21:29:53,187 [WARN] ModelIntegratedComponent:60 - No mode defined for component null
2023-10-05 21:29:53,187 [WARN] ModelIntegratedComponent:60 - No mode defined for component null
2023-10-05 21:29:53,187 [WARN] ModelIntegratedComponent:60 - No mode defined for component null
2023-10-05 21:29:53,188 [WARN] ModelIntegratedComponent:60 - No mode defined for component null
2023-10-05 21:29:53,188 [WARN] ModelIntegratedComponent:60 - No mode defined for component null
2023-10-05 21:29:53,188 [WARN] ModelIntegratedComponent:60 - No mode defined for component null
2023-10-05 21:29:53,188 [WARN] ModelIntegratedComponent:60 - No mode defined for component null
2023-10-05 21:29:53,191 [WARN] ApiManager:304 - Cannot register API 'Board Extension:NFC07A1' from pack STMicroelectronics.X-CUBE-NFC7.1.0.1: no header file found
2023-10-05 21:29:53,194 [WARN] ApiManager:304 - Cannot register API 'Board Extension:NFC06A1' from pack STMicroelectronics.X-CUBE-NFC6.3.0.0: no header file found
2023-10-05 21:29:53,195 [WARN] ApiManager:304 - Cannot register API 'Board Extension:NFC08A1' from pack STMicroelectronics.X-CUBE-NFC6.3.0.0: no header file found
2023-10-05 21:29:53,195 [WARN] ApiManager:304 - Cannot register API 'Board Extension:EEPRMA1' from pack STMicroelectronics.X-CUBE-EEPRMA1.4.1.0: no header file found
2023-10-05 21:29:53,196 [WARN] ApiManager:304 - Cannot register API 'Board Extension:EEPRMA2' from pack STMicroelectronics.X-CUBE-EEPRMA1.4.1.0: no header file found
2023-10-05 21:29:53,196 [WARN] ApiManager:304 - Cannot register API 'Board Extension:PGEEZ1' from pack STMicroelectronics.X-CUBE-EEPRMA1.4.1.0: no header file found
2023-10-05 21:29:53,196 [WARN] ApiManager:304 - Cannot register API 'Board Part:M24' from pack STMicroelectronics.X-CUBE-EEPRMA1.4.1.0: no header file found
2023-10-05 21:29:53,196 [WARN] ApiManager:304 - Cannot register API 'Board Part:M95' from pack STMicroelectronics.X-CUBE-EEPRMA1.4.1.0: no header file found
2023-10-05 21:29:53,196 [WARN] ApiManager:304 - Cannot register API 'Board Part:M95P32' from pack STMicroelectronics.X-CUBE-EEPRMA1.4.1.0: no header file found
2023-10-05 21:29:53,196 [WARN] ApiManager:304 - Cannot register API 'PGEEZ1:SPI' from pack STMicroelectronics.X-CUBE-EEPRMA1.4.1.0: no header file found
2023-10-05 21:29:53,196 [WARN] ApiManager:304 - Cannot register API 'PGEEZ1:QDSPI' from pack STMicroelectronics.X-CUBE-EEPRMA1.4.1.0: no header file found
2023-10-05 21:29:53,407 [WARN] ApiManager:304 - Cannot register API 'Board Extension:IKS01A3' from pack STMicroelectronics.X-CUBE-MEMS1.9.6.0: no header file found
2023-10-05 21:29:53,407 [WARN] ApiManager:304 - Cannot register API 'Board Extension:IKS01A2' from pack STMicroelectronics.X-CUBE-MEMS1.9.6.0: no header file found
2023-10-05 21:29:53,407 [WARN] ApiManager:304 - Cannot register API 'Board Extension:IKS02A1' from pack STMicroelectronics.X-CUBE-MEMS1.9.6.0: no header file found
2023-10-05 21:29:53,418 [INFO] RtosManager:484 - Registered RTOS mode: class=CMSIS, group=RTOS, mode=CMSIS_V1, owner=FREERTOS
2023-10-05 21:29:53,418 [INFO] RtosManager:484 - Registered RTOS mode: class=CMSIS, group=RTOS2, mode=CMSIS_V2, owner=FREERTOS
2023-10-05 21:29:53,418 [INFO] RtosManager:484 - Registered RTOS mode: class=RTOS, group=Core, mode=CMSIS_V1, owner=FREERTOS
2023-10-05 21:29:53,418 [INFO] RtosManager:484 - Registered RTOS mode: class=RTOS, group=Core, mode=CMSIS_V2, owner=FREERTOS
2023-10-05 21:29:53,418 [WARN] ModelIntegratedComponent:181 - Missing modes for component STMicroelectronics:FreeRTOS:0.0.1:STMicroelectronics:RTOS:FreeRTOS:Core:::10.2.0:
2023-10-05 21:29:53,420 [WARN] ApiManager:304 - Cannot register API 'Board Extension:NFC04A1' from pack STMicroelectronics.X-CUBE-NFC4.3.0.0: no header file found
2023-10-05 21:29:53,423 [WARN] ApiManager:304 - Cannot register API 'Board Extension:S2868A1' from pack STMicroelectronics.X-CUBE-SUBG2.5.0.0: no header file found
2023-10-05 21:29:53,423 [WARN] ApiManager:304 - Cannot register API 'Board Extension:S2868A2' from pack STMicroelectronics.X-CUBE-SUBG2.5.0.0: no header file found
2023-10-05 21:29:53,423 [WARN] ApiManager:304 - Cannot register API 'Board Extension:S2915A1' from pack STMicroelectronics.X-CUBE-SUBG2.5.0.0: no header file found
2023-10-05 21:29:53,425 [WARN] ApiManager:304 - Cannot register API 'Board Extension:S2868A1' from pack STMicroelectronics.X-CUBE-SFXS2LP1.4.0.0: no header file found
2023-10-05 21:29:53,426 [WARN] ApiManager:304 - Cannot register API 'Board Extension:S2868A2' from pack STMicroelectronics.X-CUBE-SFXS2LP1.4.0.0: no header file found
2023-10-05 21:29:53,426 [WARN] ApiManager:304 - Cannot register API 'Board Extension:S2915A1' from pack STMicroelectronics.X-CUBE-SFXS2LP1.4.0.0: no header file found
2023-10-05 21:29:53,426 [WARN] ApiManager:304 - Cannot register API 'Wireless:BlueNRG-2' from pack STMicroelectronics.X-CUBE-BLE2.3.3.0: no header file found
2023-10-05 21:29:54,792 [INFO] UtilMem:74 - End LoadConfig() Used Memory: 559832136 Bytes (653262848)
2023-10-05 21:29:54,793 [WARN] ThirdParty:779 - waiting for thirdparty lock release [change project]
2023-10-05 21:29:54,793 [INFO] ThirdParty:781 - entering critical section [change project]
2023-10-05 21:29:54,793 [INFO] ThirdParty:967 - CMSIS Pack Vendor :STMicroelectronics X-CUBE-ISPU 1.1.0
2023-10-05 21:29:54,793 [INFO] ThirdParty:967 - CMSIS Pack Vendor :STMicroelectronics X-CUBE-GNSS1 6.0.0
2023-10-05 21:29:54,793 [INFO] ThirdParty:967 - CMSIS Pack Vendor :STMicroelectronics USB_HOST 2.0.0
2023-10-05 21:29:54,793 [INFO] ThirdParty:967 - CMSIS Pack Vendor :STMicroelectronics X-CUBE-AZRTOS-F4 1.1.0
2023-10-05 21:29:54,793 [INFO] ThirdParty:967 - CMSIS Pack Vendor :STMicroelectronics X-CUBE-BLE1 7.0.0
2023-10-05 21:29:54,793 [INFO] ThirdParty:967 - CMSIS Pack Vendor :STMicroelectronics FP-ATR-SIGFOX1 3.2.0
2023-10-05 21:29:54,793 [INFO] ThirdParty:967 - CMSIS Pack Vendor :wolfSSL I-CUBE-wolfSSL 5.6.3
2023-10-05 21:29:54,793 [INFO] ThirdParty:967 - CMSIS Pack Vendor :STMicroelectronics USB_DEVICE 3.0.0
2023-10-05 21:29:54,793 [INFO] ThirdParty:967 - CMSIS Pack Vendor :STMicroelectronics HAL Drivers 0.0.0
2023-10-05 21:29:54,793 [INFO] ThirdParty:967 - CMSIS Pack Vendor :STMicroelectronics MBEDTLS 2.16.2
2023-10-05 21:29:54,793 [INFO] ThirdParty:967 - CMSIS Pack Vendor :STMicroelectronics X-CUBE-AZRTOS-WB 2.0.0
2023-10-05 21:29:54,793 [INFO] ThirdParty:967 - CMSIS Pack Vendor :STMicroelectronics X-CUBE-TOUCHGFX 4.22.0
2023-10-05 21:29:54,794 [INFO] ThirdParty:967 - CMSIS Pack Vendor :STMicroelectronics X-CUBE-NFC7 1.0.1
2023-10-05 21:29:54,794 [INFO] ThirdParty:967 - CMSIS Pack Vendor :STMicroelectronics MBEDTLS 2.14.1
2023-10-05 21:29:54,794 [INFO] ThirdParty:967 - CMSIS Pack Vendor :STMicroelectronics X-CUBE-TOUCHGFX 4.22.1
2023-10-05 21:29:54,794 [INFO] ThirdParty:967 - CMSIS Pack Vendor :STMicroelectronics X-CUBE-AZRTOS-F7 1.1.0
2023-10-05 21:29:54,794 [INFO] ThirdParty:967 - CMSIS Pack Vendor :STMicroelectronics X-CUBE-AZRTOS-L5 2.0.0
2023-10-05 21:29:54,794 [INFO] ThirdParty:967 - CMSIS Pack Vendor :STMicroelectronics X-CUBE-NFC6 3.0.0
2023-10-05 21:29:54,794 [INFO] ThirdParty:967 - CMSIS Pack Vendor :STMicroelectronics X-CUBE-EEPRMA1 4.1.0
2023-10-05 21:29:54,794 [INFO] ThirdParty:967 - CMSIS Pack Vendor :portGmbH I-Cube-SoM-uGOAL 1.1.0
2023-10-05 21:29:54,794 [INFO] ThirdParty:967 - CMSIS Pack Vendor :STMicroelectronics X-CUBE-ALS 1.0.1
2023-10-05 21:29:54,794 [INFO] ThirdParty:967 - CMSIS Pack Vendor :STMicroelectronics USB_DEVICE 2.0.0
2023-10-05 21:29:54,794 [INFO] ThirdParty:967 - CMSIS Pack Vendor :STMicroelectronics X-CUBE-MEMS1 9.6.0
2023-10-05 21:29:54,794 [INFO] ThirdParty:967 - CMSIS Pack Vendor :STMicroelectronics X-CUBE-AZRTOS-WL 2.0.0
2023-10-05 21:29:54,794 [INFO] ThirdParty:967 - CMSIS Pack Vendor :STMicroelectronics X-CUBE-ALGOBUILD 1.3.0
2023-10-05 21:29:54,794 [INFO] ThirdParty:967 - CMSIS Pack Vendor :SEGGER I-CUBE-embOS 1.3.1
2023-10-05 21:29:54,794 [INFO] ThirdParty:967 - CMSIS Pack Vendor :STMicroelectronics FreeRTOS 0.0.1
2023-10-05 21:29:54,794 [INFO] ThirdParty:967 - CMSIS Pack Vendor :STMicroelectronics X-CUBE-AZRTOS-G0 1.1.0
2023-10-05 21:29:54,794 [INFO] ThirdParty:967 - CMSIS Pack Vendor :STMicroelectronics USB_DEVICE 1.0.0
2023-10-05 21:29:54,794 [INFO] ThirdParty:967 - CMSIS Pack Vendor :STMicroelectronics X-CUBE-BLEMGR 2.0.0
2023-10-05 21:29:54,794 [INFO] ThirdParty:967 - CMSIS Pack Vendor :STMicroelectronics X-CUBE-AI 8.1.0
2023-10-05 21:29:54,794 [INFO] ThirdParty:967 - CMSIS Pack Vendor :STMicroelectronics X-CUBE-NFC4 3.0.0
2023-10-05 21:29:54,795 [INFO] ThirdParty:967 - CMSIS Pack Vendor :STMicroelectronics X-CUBE-SUBG2 5.0.0
2023-10-05 21:29:54,795 [INFO] ThirdParty:967 - CMSIS Pack Vendor :STMicroelectronics X-CUBE-AZRTOS-L4 2.0.0
2023-10-05 21:29:54,795 [INFO] ThirdParty:967 - CMSIS Pack Vendor :STMicroelectronics ThreadX 0.0.2
2023-10-05 21:29:54,795 [INFO] ThirdParty:967 - CMSIS Pack Vendor :WES I-CUBE-Cesium 1.3.0
2023-10-05 21:29:54,795 [INFO] ThirdParty:967 - CMSIS Pack Vendor :STMicroelectronics FP-ATR-ASTRA1 2.0.0
2023-10-05 21:29:54,795 [INFO] ThirdParty:967 - CMSIS Pack Vendor :STMicroelectronics lwIP 2.0.3
2023-10-05 21:29:54,795 [INFO] ThirdParty:967 - CMSIS Pack Vendor :STMicroelectronics lwIP 2.1.2
2023-10-05 21:29:54,795 [INFO] ThirdParty:967 - CMSIS Pack Vendor :STMicroelectronics X-CUBE-SFXS2LP1 4.0.0
2023-10-05 21:29:54,795 [INFO] ThirdParty:967 - CMSIS Pack Vendor :STMicroelectronics X-CUBE-BLE2 3.3.0
2023-10-05 21:29:54,795 [INFO] ThirdParty:967 - CMSIS Pack Vendor :STMicroelectronics USB_HOST 1.0.0
2023-10-05 21:29:54,795 [INFO] ThirdParty:967 - CMSIS Pack Vendor :STMicroelectronics X-CUBE-AZRTOS-G4 2.0.0
2023-10-05 21:29:54,795 [INFO] ThirdParty:967 - CMSIS Pack Vendor :STMicroelectronics PDM2PCM 3.1.0
2023-10-05 21:29:54,795 [INFO] ThirdParty:967 - CMSIS Pack Vendor :STMicroelectronics X-CUBE-AZRTOS-H7 3.1.0
2023-10-05 21:29:54,795 [INFO] ThirdParty:967 - CMSIS Pack Vendor :STMicroelectronics PDM2PCM 3.2.0
2023-10-05 21:29:54,795 [INFO] ThirdParty:967 - CMSIS Pack Vendor :STMicroelectronics PDM2PCM 3.3.0
2023-10-05 21:29:54,795 [INFO] ThirdParty:787 - exiting critical section [change project]
2023-10-05 21:29:54,951 [INFO] PinOutPanel:1463 - setPackage(No Configuration,No Configuration)
2023-10-05 21:29:54,952 [INFO] PinOutPanel:1463 - setPackage(STM32F103C6Ux,UFQFPN48)
2023-10-05 21:29:55,206 [INFO] UtilMem:74 - Before build in PCC Used Memory: 559261824 Bytes (653262848)
2023-10-05 21:29:55,622 [INFO] UtilMem:74 - After build in PCC Used Memory: 587178336 Bytes (653262848)
2023-10-05 21:29:55,642 [INFO] IPUIPlugin:74 - create IPUIPlugin
2023-10-05 21:29:55,642 [INFO] IPUIPlugin:74 - create IPUIPlugin
2023-10-05 21:29:55,642 [INFO] IPUIPlugin:74 - create IPUIPlugin
2023-10-05 21:29:55,643 [INFO] IPUIPlugin:74 - create IPUIPlugin
2023-10-05 21:29:55,643 [INFO] IPUIPlugin:74 - create IPUIPlugin
2023-10-05 21:29:55,643 [INFO] IPUIPlugin:74 - create IPUIPlugin
2023-10-05 21:29:55,643 [INFO] IPUIPlugin:74 - create IPUIPlugin
2023-10-05 21:29:55,643 [INFO] IPUIPlugin:74 - create IPUIPlugin
2023-10-05 21:29:55,643 [INFO] IPUIPlugin:74 - create IPUIPlugin
2023-10-05 21:29:55,643 [INFO] IPUIPlugin:74 - create IPUIPlugin
2023-10-05 21:29:55,643 [INFO] IPUIPlugin:74 - create IPUIPlugin
2023-10-05 21:29:55,644 [INFO] IPUIPlugin:74 - create IPUIPlugin
2023-10-05 21:29:55,644 [INFO] IPUIPlugin:74 - create IPUIPlugin
2023-10-05 21:29:55,644 [INFO] IPUIPlugin:74 - create IPUIPlugin
2023-10-05 21:29:55,644 [INFO] IPUIPlugin:74 - create IPUIPlugin
2023-10-05 21:29:55,644 [INFO] IPUIPlugin:74 - create IPUIPlugin
2023-10-05 21:29:55,645 [INFO] IPUIPlugin:74 - create IPUIPlugin
2023-10-05 21:29:55,645 [INFO] IPUIPlugin:74 - create IPUIPlugin
2023-10-05 21:29:55,645 [INFO] IPUIPlugin:74 - create IPUIPlugin
2023-10-05 21:29:55,645 [INFO] IPUIPlugin:74 - create IPUIPlugin
2023-10-05 21:29:55,646 [INFO] IPUIPlugin:74 - create IPUIPlugin
2023-10-05 21:29:55,646 [INFO] IPUIPlugin:74 - create IPUIPlugin
2023-10-05 21:29:55,646 [INFO] IPUIPlugin:74 - create IPUIPlugin
2023-10-05 21:29:55,725 [INFO] OpenFileManager:333 - Restore cursor
2023-10-05 21:29:55,937 [INFO] UtilMem:74 - End SaveConfig() Used Memory: 562018616 Bytes (653262848)
2023-10-05 21:29:55,984 [INFO] UtilMem:74 - End SaveConfig() Used Memory: 575958456 Bytes (653262848)
2023-10-05 21:29:56,244 [INFO] BlockDiagram:2740 - set Specific Code input for plugin: NVIC
2023-10-05 21:29:56,244 [INFO] BlockDiagram:2740 - set Specific Code input for plugin: SYS
2023-10-05 21:29:56,245 [INFO] BlockDiagram:2740 - set Specific Code input for plugin: RCC
2023-10-05 21:29:56,245 [INFO] CodeGenerator:663 - code generatio: config db path: E:\STM32CubeIDE_1.7.0\STM32CubeIDE\plugins\com.st.stm32cube.common.mx_6.3.0.202107141111\\db\
2023-10-05 21:29:56,489 [INFO] CodeEngine:239 - oldGeneratedFile, E:\MCU-LAB\LAB2\Ex1\MXTmpFiles\license.tmp_save
2023-10-05 21:29:56,733 [INFO] CodeEngine:257 - Generated code: E:\MCU-LAB\LAB2\Ex1\MXTmpFiles\license.tmp
2023-10-05 21:29:56,787 [INFO] CodeEngine:239 - oldGeneratedFile, E:\MCU-LAB\LAB2\Ex1\Core\Src\stm32f1xx_it.c_save
2023-10-05 21:29:56,887 [INFO] CodeEngine:257 - Generated code: E:\MCU-LAB\LAB2\Ex1\Core\Src\stm32f1xx_it.c
2023-10-05 21:29:56,890 [INFO] CodeEngine:239 - oldGeneratedFile, E:\MCU-LAB\LAB2\Ex1\Core\Inc\stm32f1xx_it.h_save
2023-10-05 21:29:56,939 [INFO] CodeEngine:257 - Generated code: E:\MCU-LAB\LAB2\Ex1\Core\Inc\stm32f1xx_it.h
2023-10-05 21:29:56,945 [INFO] CodeEngine:239 - oldGeneratedFile, E:\MCU-LAB\LAB2\Ex1\Core\Src\stm32f1xx_hal_msp.c_save
2023-10-05 21:29:57,052 [INFO] CodeEngine:257 - Generated code: E:\MCU-LAB\LAB2\Ex1\Core\Src\stm32f1xx_hal_msp.c
2023-10-05 21:29:57,054 [INFO] CodeEngine:239 - oldGeneratedFile, E:\MCU-LAB\LAB2\Ex1\MXTmpFiles\system.tmp_save
2023-10-05 21:29:57,108 [INFO] CodeEngine:257 - Generated code: E:\MCU-LAB\LAB2\Ex1\MXTmpFiles\system.tmp
2023-10-05 21:29:57,112 [INFO] CodeEngine:239 - oldGeneratedFile, E:\MCU-LAB\LAB2\Ex1\Core\Inc\stm32f1xx_hal_conf.h_save
2023-10-05 21:29:57,182 [INFO] CodeEngine:257 - Generated code: E:\MCU-LAB\LAB2\Ex1\Core\Inc\stm32f1xx_hal_conf.h
2023-10-05 21:29:57,218 [INFO] CodeEngine:239 - oldGeneratedFile, E:\MCU-LAB\LAB2\Ex1\Core\Inc\main.h_save
2023-10-05 21:29:57,302 [INFO] CodeEngine:257 - Generated code: E:\MCU-LAB\LAB2\Ex1\Core\Inc\main.h
2023-10-05 21:29:57,304 [INFO] CodeEngine:239 - oldGeneratedFile, E:\MCU-LAB\LAB2\Ex1\Core\Src\main.c_save
2023-10-05 21:29:57,390 [INFO] CodeEngine:257 - Generated code: E:\MCU-LAB\LAB2\Ex1\Core\Src\main.c
2023-10-05 21:29:58,021 [INFO] ProjectBuilder:2578 - Time for Copy HAL[1] : 35mS.
2023-10-05 21:29:58,024 [INFO] ProjectBuilder:3622 - Project Generator version: 3.14.1
2023-10-05 21:29:58,466 [INFO] ConfigFileManager:1271 - The Die is : DIE412
2023-10-05 21:29:58,477 [INFO] ApiDbMcu:468 - Load IP Config File for FATFS
2023-10-05 21:29:58,500 [INFO] ApiDbMcu:468 - Load IP Config File for FREERTOS
2023-10-05 21:29:58,523 [INFO] ApiDbMcu:468 - Load IP Config File for USB_DEVICE
2023-10-05 21:30:00,787 [INFO] ProjectBuilder:3789 - Time for Generating toolchain IDE Files: 2763mS.
2023-10-05 21:30:00,788 [INFO] ProjectBuilder:2457 - Time for Copy CMSIS : 1mS.
2023-10-05 21:30:00,789 [INFO] ProjectBuilder:2457 - Time for Copy CMSIS : 0mS.
2023-10-05 21:30:01,535 [INFO] McuFinderGlobals:52 - Set McuFinderConnectedMode to true
2023-10-05 21:30:01,536 [INFO] ApiDb:276 - Save user favorites file C:\Users\mitph/.stm32cubeide/favorites.mcus.txt: 2 item(s)
2023-10-05 21:30:01,536 [INFO] ApiDb:280 - User favorites MCUs=[STM32F103C6Ux, STM32F103RBTx]
2023-10-05 21:30:07,200 [INFO] UtilMem:74 - End SaveConfig() Used Memory: 635781168 Bytes (980418560)
2023-10-05 21:30:08,448 [INFO] UtilMem:74 - End SaveConfig() Used Memory: 664342472 Bytes (980418560)
2023-10-05 21:30:10,437 [INFO] UtilMem:74 - End SaveConfig() Used Memory: 680581528 Bytes (980418560)
2023-10-05 21:30:10,744 [INFO] BlockDiagram:2740 - set Specific Code input for plugin: NVIC
2023-10-05 21:30:10,744 [INFO] BlockDiagram:2740 - set Specific Code input for plugin: SYS
2023-10-05 21:30:10,744 [INFO] BlockDiagram:2740 - set Specific Code input for plugin: GPIO
2023-10-05 21:30:10,744 [INFO] BlockDiagram:2740 - set Specific Code input for plugin: RCC
2023-10-05 21:30:10,745 [INFO] CodeGenerator:663 - code generatio: config db path: E:\STM32CubeIDE_1.7.0\STM32CubeIDE\plugins\com.st.stm32cube.common.mx_6.3.0.202107141111\\db\
2023-10-05 21:30:11,071 [INFO] CodeEngine:239 - oldGeneratedFile, E:\MCU-LAB\LAB2\Ex1\MXTmpFiles\license.tmp_save
2023-10-05 21:30:11,130 [INFO] CodeEngine:257 - Generated code: E:\MCU-LAB\LAB2\Ex1\MXTmpFiles\license.tmp
2023-10-05 21:30:11,151 [INFO] CodeEngine:239 - oldGeneratedFile, E:\MCU-LAB\LAB2\Ex1\MXTmpFiles\gpio.tmp_save
2023-10-05 21:30:11,219 [INFO] CodeEngine:257 - Generated code: E:\MCU-LAB\LAB2\Ex1\MXTmpFiles\gpio.tmp
2023-10-05 21:30:11,237 [INFO] CodeEngine:239 - oldGeneratedFile, E:\MCU-LAB\LAB2\Ex1\Core\Src\stm32f1xx_it.c_save
2023-10-05 21:30:11,327 [INFO] CodeEngine:257 - Generated code: E:\MCU-LAB\LAB2\Ex1\Core\Src\stm32f1xx_it.c
2023-10-05 21:30:11,329 [INFO] CodeEngine:239 - oldGeneratedFile, E:\MCU-LAB\LAB2\Ex1\Core\Inc\stm32f1xx_it.h_save
2023-10-05 21:30:11,377 [INFO] CodeEngine:257 - Generated code: E:\MCU-LAB\LAB2\Ex1\Core\Inc\stm32f1xx_it.h
2023-10-05 21:30:11,390 [INFO] CodeEngine:239 - oldGeneratedFile, E:\MCU-LAB\LAB2\Ex1\Core\Src\stm32f1xx_hal_msp.c_save
2023-10-05 21:30:11,491 [INFO] CodeEngine:257 - Generated code: E:\MCU-LAB\LAB2\Ex1\Core\Src\stm32f1xx_hal_msp.c
2023-10-05 21:30:11,493 [INFO] CodeEngine:239 - oldGeneratedFile, E:\MCU-LAB\LAB2\Ex1\MXTmpFiles\system.tmp_save
2023-10-05 21:30:11,532 [INFO] CodeEngine:257 - Generated code: E:\MCU-LAB\LAB2\Ex1\MXTmpFiles\system.tmp
2023-10-05 21:30:11,543 [INFO] CodeEngine:239 - oldGeneratedFile, E:\MCU-LAB\LAB2\Ex1\Core\Inc\stm32f1xx_hal_conf.h_save
2023-10-05 21:30:11,612 [INFO] CodeEngine:257 - Generated code: E:\MCU-LAB\LAB2\Ex1\Core\Inc\stm32f1xx_hal_conf.h
2023-10-05 21:30:11,638 [INFO] CodeEngine:239 - oldGeneratedFile, E:\MCU-LAB\LAB2\Ex1\Core\Inc\main.h_save
2023-10-05 21:30:11,689 [INFO] CodeEngine:257 - Generated code: E:\MCU-LAB\LAB2\Ex1\Core\Inc\main.h
2023-10-05 21:30:11,697 [INFO] CodeEngine:239 - oldGeneratedFile, E:\MCU-LAB\LAB2\Ex1\Core\Src\main.c_save
2023-10-05 21:30:11,788 [INFO] CodeEngine:257 - Generated code: E:\MCU-LAB\LAB2\Ex1\Core\Src\main.c
2023-10-05 21:30:12,352 [INFO] ProjectBuilder:2578 - Time for Copy HAL[1] : 46mS.
2023-10-05 21:30:12,354 [INFO] ProjectBuilder:3622 - Project Generator version: 3.14.1
2023-10-05 21:30:12,713 [INFO] ConfigFileManager:1271 - The Die is : DIE412
2023-10-05 21:30:14,317 [INFO] ProjectBuilder:3789 - Time for Generating toolchain IDE Files: 1963mS.
2023-10-05 21:30:14,318 [INFO] ProjectBuilder:2457 - Time for Copy CMSIS : 0mS.
2023-10-05 21:30:14,319 [INFO] ProjectBuilder:2457 - Time for Copy CMSIS : 0mS.
2023-10-05 21:33:12,179 [INFO] MainUpdater:2671 - connection check result : 10
2023-10-05 21:33:12,244 [INFO] McuFinderGlobals:52 - Set McuFinderConnectedMode to false
2023-10-05 21:33:12,252 [INFO] CrossSelectorPresenter:1330 - Cross Selector saved comparison directory: C:\Users\mitph\.stmcufinder\plugins\mcufinder\mcu\cs_comparisons_mx
2023-10-05 21:33:12,253 [INFO] MultiScanPanel:197 - Auto-refresh data requested => check proxy status ongoing
2023-10-05 21:33:12,253 [INFO] MultiScanPanel:201 - Proxy status is invalid
2023-10-05 21:33:12,253 [INFO] FinderPluginLoader:87 - Searching for filters in installed packs
2023-10-05 21:33:12,458 [INFO] DetailPanel:309 - Set advertising image to C:/Users/mitph/STM32Cube/Repository/\en.prom-stm32h5-mcu-finder.jpg
2023-10-05 21:33:33,168 [INFO] MainUpdater:2671 - connection check result : 10
2023-10-05 21:33:33,169 [INFO] MainUpdater:2671 - connection check result : 10
2023-10-05 21:33:33,239 [INFO] MicroXplorer:448 - Change Database Path : 
2023-10-05 21:33:33,240 [INFO] MicroXplorer:478 - Change Database Version : DB.6.0.30
2023-10-05 21:33:33,240 [WARN] ThirdParty:813 - waiting for thirdparty lock release [close project]
2023-10-05 21:33:33,240 [INFO] ThirdParty:815 - entering critical section [close project]
2023-10-05 21:33:33,240 [INFO] ThirdParty:825 - exiting critical section [close project]
2023-10-05 21:33:33,241 [INFO] PinOutPanel:1463 - setPackage(No Configuration,No Configuration)
2023-10-05 21:33:33,255 [INFO] UtilMem:74 - Begin LoadConfig() Used Memory: 796278264 Bytes (1059061760)
2023-10-05 21:33:33,255 [INFO] MicroXplorer:448 - Change Database Path : 
2023-10-05 21:33:33,256 [INFO] MicroXplorer:478 - Change Database Version : DB.6.0.30
2023-10-05 21:33:33,256 [INFO] OpenFileManager:313 - Change cursor
2023-10-05 21:33:33,267 [INFO] RulesReader:57 - Compatibility file has been processed (242 Rules)
2023-10-05 21:33:33,916 [INFO] Context:592 - Trying to add GPIOservice into a context  which must be forbidden
2023-10-05 21:33:34,069 [INFO] ImportTextPane:167 - (OptionalMessage_ERROR) Unable to find key (Mcu.ThirdPartyNb) in loaded IOC file
2023-10-05 21:33:34,069 [INFO] ImportTextPane:167 - (OptionalMessage_ERROR) Unable to find key (Mcu.PinsNb) in loaded IOC file
2023-10-05 21:33:34,069 [INFO] ImportTextPane:167 - (OptionalMessage_ERROR) Unable to find key (Mcu.IPNb) in loaded IOC file
2023-10-05 21:33:34,079 [WARN] ApiManager:304 - Cannot register API 'Board Extension:GNSS1A1' from pack STMicroelectronics.X-CUBE-GNSS1.6.0.0: no header file found
2023-10-05 21:33:34,079 [WARN] ApiManager:304 - Cannot register API 'Board Support:Custom' from pack STMicroelectronics.X-CUBE-GNSS1.6.0.0: no header file found
2023-10-05 21:33:34,079 [WARN] ApiManager:304 - Cannot register API 'Data Exchange:lib_gnss' from pack STMicroelectronics.X-CUBE-GNSS1.6.0.0: no header file found
2023-10-05 21:33:34,081 [WARN] ApiManager:304 - Cannot register API 'Wireless:BlueNRG-MS' from pack STMicroelectronics.X-CUBE-BLE1.7.0.0: no header file found
2023-10-05 21:33:34,082 [WARN] ModelIntegratedComponent:60 - No mode defined for component null
2023-10-05 21:33:34,082 [WARN] ModelIntegratedComponent:60 - No mode defined for component null
2023-10-05 21:33:34,082 [WARN] ModelIntegratedComponent:60 - No mode defined for component null
2023-10-05 21:33:34,082 [WARN] ModelIntegratedComponent:60 - No mode defined for component null
2023-10-05 21:33:34,082 [WARN] ModelIntegratedComponent:60 - No mode defined for component null
2023-10-05 21:33:34,082 [WARN] ModelIntegratedComponent:60 - No mode defined for component null
2023-10-05 21:33:34,082 [WARN] ModelIntegratedComponent:60 - No mode defined for component null
2023-10-05 21:33:34,082 [WARN] ModelIntegratedComponent:60 - No mode defined for component null
2023-10-05 21:33:34,082 [WARN] ModelIntegratedComponent:60 - No mode defined for component null
2023-10-05 21:33:34,082 [WARN] ModelIntegratedComponent:60 - No mode defined for component null
2023-10-05 21:33:34,082 [WARN] ModelIntegratedComponent:60 - No mode defined for component null
2023-10-05 21:33:34,083 [WARN] ModelIntegratedComponent:60 - No mode defined for component null
2023-10-05 21:33:34,083 [WARN] ModelIntegratedComponent:60 - No mode defined for component null
2023-10-05 21:33:34,083 [WARN] ModelIntegratedComponent:60 - No mode defined for component null
2023-10-05 21:33:34,083 [WARN] ModelIntegratedComponent:60 - No mode defined for component null
2023-10-05 21:33:34,083 [WARN] ModelIntegratedComponent:60 - No mode defined for component null
2023-10-05 21:33:34,083 [WARN] ModelIntegratedComponent:60 - No mode defined for component null
2023-10-05 21:33:34,083 [WARN] ModelIntegratedComponent:60 - No mode defined for component null
2023-10-05 21:33:34,083 [WARN] ModelIntegratedComponent:60 - No mode defined for component null
2023-10-05 21:33:34,083 [WARN] ModelIntegratedComponent:60 - No mode defined for component null
2023-10-05 21:33:34,083 [WARN] ModelIntegratedComponent:60 - No mode defined for component null
2023-10-05 21:33:34,083 [WARN] ModelIntegratedComponent:60 - No mode defined for component null
2023-10-05 21:33:34,083 [WARN] ModelIntegratedComponent:60 - No mode defined for component null
2023-10-05 21:33:34,083 [WARN] ModelIntegratedComponent:60 - No mode defined for component null
2023-10-05 21:33:34,083 [WARN] ModelIntegratedComponent:60 - No mode defined for component null
2023-10-05 21:33:34,083 [WARN] ModelIntegratedComponent:60 - No mode defined for component null
2023-10-05 21:33:34,084 [WARN] ModelIntegratedComponent:60 - No mode defined for component null
2023-10-05 21:33:34,084 [WARN] ModelIntegratedComponent:60 - No mode defined for component null
2023-10-05 21:33:34,084 [WARN] ModelIntegratedComponent:60 - No mode defined for component null
2023-10-05 21:33:34,084 [WARN] ModelIntegratedComponent:60 - No mode defined for component null
2023-10-05 21:33:34,084 [WARN] ModelIntegratedComponent:60 - No mode defined for component null
2023-10-05 21:33:34,086 [WARN] ApiManager:304 - Cannot register API 'Board Extension:NFC07A1' from pack STMicroelectronics.X-CUBE-NFC7.1.0.1: no header file found
2023-10-05 21:33:34,089 [WARN] ApiManager:304 - Cannot register API 'Board Extension:NFC06A1' from pack STMicroelectronics.X-CUBE-NFC6.3.0.0: no header file found
2023-10-05 21:33:34,089 [WARN] ApiManager:304 - Cannot register API 'Board Extension:NFC08A1' from pack STMicroelectronics.X-CUBE-NFC6.3.0.0: no header file found
2023-10-05 21:33:34,090 [WARN] ApiManager:304 - Cannot register API 'Board Extension:EEPRMA1' from pack STMicroelectronics.X-CUBE-EEPRMA1.4.1.0: no header file found
2023-10-05 21:33:34,090 [WARN] ApiManager:304 - Cannot register API 'Board Extension:EEPRMA2' from pack STMicroelectronics.X-CUBE-EEPRMA1.4.1.0: no header file found
2023-10-05 21:33:34,090 [WARN] ApiManager:304 - Cannot register API 'Board Extension:PGEEZ1' from pack STMicroelectronics.X-CUBE-EEPRMA1.4.1.0: no header file found
2023-10-05 21:33:34,090 [WARN] ApiManager:304 - Cannot register API 'Board Part:M24' from pack STMicroelectronics.X-CUBE-EEPRMA1.4.1.0: no header file found
2023-10-05 21:33:34,090 [WARN] ApiManager:304 - Cannot register API 'Board Part:M95' from pack STMicroelectronics.X-CUBE-EEPRMA1.4.1.0: no header file found
2023-10-05 21:33:34,090 [WARN] ApiManager:304 - Cannot register API 'Board Part:M95P32' from pack STMicroelectronics.X-CUBE-EEPRMA1.4.1.0: no header file found
2023-10-05 21:33:34,090 [WARN] ApiManager:304 - Cannot register API 'PGEEZ1:SPI' from pack STMicroelectronics.X-CUBE-EEPRMA1.4.1.0: no header file found
2023-10-05 21:33:34,090 [WARN] ApiManager:304 - Cannot register API 'PGEEZ1:QDSPI' from pack STMicroelectronics.X-CUBE-EEPRMA1.4.1.0: no header file found
2023-10-05 21:33:34,273 [WARN] ApiManager:304 - Cannot register API 'Board Extension:IKS01A3' from pack STMicroelectronics.X-CUBE-MEMS1.9.6.0: no header file found
2023-10-05 21:33:34,273 [WARN] ApiManager:304 - Cannot register API 'Board Extension:IKS01A2' from pack STMicroelectronics.X-CUBE-MEMS1.9.6.0: no header file found
2023-10-05 21:33:34,274 [WARN] ApiManager:304 - Cannot register API 'Board Extension:IKS02A1' from pack STMicroelectronics.X-CUBE-MEMS1.9.6.0: no header file found
2023-10-05 21:33:34,281 [INFO] RtosManager:484 - Registered RTOS mode: class=CMSIS, group=RTOS, mode=CMSIS_V1, owner=FREERTOS
2023-10-05 21:33:34,281 [INFO] RtosManager:484 - Registered RTOS mode: class=CMSIS, group=RTOS2, mode=CMSIS_V2, owner=FREERTOS
2023-10-05 21:33:34,281 [INFO] RtosManager:484 - Registered RTOS mode: class=RTOS, group=Core, mode=CMSIS_V1, owner=FREERTOS
2023-10-05 21:33:34,281 [INFO] RtosManager:484 - Registered RTOS mode: class=RTOS, group=Core, mode=CMSIS_V2, owner=FREERTOS
2023-10-05 21:33:34,281 [WARN] ModelIntegratedComponent:181 - Missing modes for component STMicroelectronics:FreeRTOS:0.0.1:STMicroelectronics:RTOS:FreeRTOS:Core:::10.2.0:
2023-10-05 21:33:34,283 [WARN] ApiManager:304 - Cannot register API 'Board Extension:NFC04A1' from pack STMicroelectronics.X-CUBE-NFC4.3.0.0: no header file found
2023-10-05 21:33:34,285 [WARN] ApiManager:304 - Cannot register API 'Board Extension:S2868A1' from pack STMicroelectronics.X-CUBE-SUBG2.5.0.0: no header file found
2023-10-05 21:33:34,285 [WARN] ApiManager:304 - Cannot register API 'Board Extension:S2868A2' from pack STMicroelectronics.X-CUBE-SUBG2.5.0.0: no header file found
2023-10-05 21:33:34,285 [WARN] ApiManager:304 - Cannot register API 'Board Extension:S2915A1' from pack STMicroelectronics.X-CUBE-SUBG2.5.0.0: no header file found
2023-10-05 21:33:34,287 [WARN] ApiManager:304 - Cannot register API 'Board Extension:S2868A1' from pack STMicroelectronics.X-CUBE-SFXS2LP1.4.0.0: no header file found
2023-10-05 21:33:34,288 [WARN] ApiManager:304 - Cannot register API 'Board Extension:S2868A2' from pack STMicroelectronics.X-CUBE-SFXS2LP1.4.0.0: no header file found
2023-10-05 21:33:34,288 [WARN] ApiManager:304 - Cannot register API 'Board Extension:S2915A1' from pack STMicroelectronics.X-CUBE-SFXS2LP1.4.0.0: no header file found
2023-10-05 21:33:34,288 [WARN] ApiManager:304 - Cannot register API 'Wireless:BlueNRG-2' from pack STMicroelectronics.X-CUBE-BLE2.3.3.0: no header file found
2023-10-05 21:33:35,806 [INFO] UtilMem:74 - End LoadConfig() Used Memory: 856120464 Bytes (1059061760)
2023-10-05 21:33:35,806 [WARN] ThirdParty:779 - waiting for thirdparty lock release [change project]
2023-10-05 21:33:35,806 [INFO] ThirdParty:781 - entering critical section [change project]
2023-10-05 21:33:35,806 [INFO] ThirdParty:967 - CMSIS Pack Vendor :STMicroelectronics X-CUBE-ISPU 1.1.0
2023-10-05 21:33:35,807 [INFO] ThirdParty:967 - CMSIS Pack Vendor :STMicroelectronics X-CUBE-GNSS1 6.0.0
2023-10-05 21:33:35,807 [INFO] ThirdParty:967 - CMSIS Pack Vendor :STMicroelectronics USB_HOST 2.0.0
2023-10-05 21:33:35,807 [INFO] ThirdParty:967 - CMSIS Pack Vendor :STMicroelectronics X-CUBE-AZRTOS-F4 1.1.0
2023-10-05 21:33:35,807 [INFO] ThirdParty:967 - CMSIS Pack Vendor :STMicroelectronics X-CUBE-BLE1 7.0.0
2023-10-05 21:33:35,807 [INFO] ThirdParty:967 - CMSIS Pack Vendor :STMicroelectronics FP-ATR-SIGFOX1 3.2.0
2023-10-05 21:33:35,807 [INFO] ThirdParty:967 - CMSIS Pack Vendor :wolfSSL I-CUBE-wolfSSL 5.6.3
2023-10-05 21:33:35,807 [INFO] ThirdParty:967 - CMSIS Pack Vendor :STMicroelectronics USB_DEVICE 3.0.0
2023-10-05 21:33:35,807 [INFO] ThirdParty:967 - CMSIS Pack Vendor :STMicroelectronics HAL Drivers 0.0.0
2023-10-05 21:33:35,807 [INFO] ThirdParty:967 - CMSIS Pack Vendor :STMicroelectronics MBEDTLS 2.16.2
2023-10-05 21:33:35,807 [INFO] ThirdParty:967 - CMSIS Pack Vendor :STMicroelectronics X-CUBE-AZRTOS-WB 2.0.0
2023-10-05 21:33:35,807 [INFO] ThirdParty:967 - CMSIS Pack Vendor :STMicroelectronics X-CUBE-TOUCHGFX 4.22.0
2023-10-05 21:33:35,807 [INFO] ThirdParty:967 - CMSIS Pack Vendor :STMicroelectronics X-CUBE-NFC7 1.0.1
2023-10-05 21:33:35,807 [INFO] ThirdParty:967 - CMSIS Pack Vendor :STMicroelectronics MBEDTLS 2.14.1
2023-10-05 21:33:35,807 [INFO] ThirdParty:967 - CMSIS Pack Vendor :STMicroelectronics X-CUBE-TOUCHGFX 4.22.1
2023-10-05 21:33:35,807 [INFO] ThirdParty:967 - CMSIS Pack Vendor :STMicroelectronics X-CUBE-AZRTOS-F7 1.1.0
2023-10-05 21:33:35,808 [INFO] ThirdParty:967 - CMSIS Pack Vendor :STMicroelectronics X-CUBE-AZRTOS-L5 2.0.0
2023-10-05 21:33:35,808 [INFO] ThirdParty:967 - CMSIS Pack Vendor :STMicroelectronics X-CUBE-NFC6 3.0.0
2023-10-05 21:33:35,808 [INFO] ThirdParty:967 - CMSIS Pack Vendor :STMicroelectronics X-CUBE-EEPRMA1 4.1.0
2023-10-05 21:33:35,808 [INFO] ThirdParty:967 - CMSIS Pack Vendor :portGmbH I-Cube-SoM-uGOAL 1.1.0
2023-10-05 21:33:35,808 [INFO] ThirdParty:967 - CMSIS Pack Vendor :STMicroelectronics X-CUBE-ALS 1.0.1
2023-10-05 21:33:35,808 [INFO] ThirdParty:967 - CMSIS Pack Vendor :STMicroelectronics USB_DEVICE 2.0.0
2023-10-05 21:33:35,808 [INFO] ThirdParty:967 - CMSIS Pack Vendor :STMicroelectronics X-CUBE-MEMS1 9.6.0
2023-10-05 21:33:35,808 [INFO] ThirdParty:967 - CMSIS Pack Vendor :STMicroelectronics X-CUBE-AZRTOS-WL 2.0.0
2023-10-05 21:33:35,808 [INFO] ThirdParty:967 - CMSIS Pack Vendor :STMicroelectronics X-CUBE-ALGOBUILD 1.3.0
2023-10-05 21:33:35,808 [INFO] ThirdParty:967 - CMSIS Pack Vendor :SEGGER I-CUBE-embOS 1.3.1
2023-10-05 21:33:35,808 [INFO] ThirdParty:967 - CMSIS Pack Vendor :STMicroelectronics FreeRTOS 0.0.1
2023-10-05 21:33:35,808 [INFO] ThirdParty:967 - CMSIS Pack Vendor :STMicroelectronics X-CUBE-AZRTOS-G0 1.1.0
2023-10-05 21:33:35,808 [INFO] ThirdParty:967 - CMSIS Pack Vendor :STMicroelectronics USB_DEVICE 1.0.0
2023-10-05 21:33:35,808 [INFO] ThirdParty:967 - CMSIS Pack Vendor :STMicroelectronics X-CUBE-BLEMGR 2.0.0
2023-10-05 21:33:35,808 [INFO] ThirdParty:967 - CMSIS Pack Vendor :STMicroelectronics X-CUBE-AI 8.1.0
2023-10-05 21:33:35,808 [INFO] ThirdParty:967 - CMSIS Pack Vendor :STMicroelectronics X-CUBE-NFC4 3.0.0
2023-10-05 21:33:35,808 [INFO] ThirdParty:967 - CMSIS Pack Vendor :STMicroelectronics X-CUBE-SUBG2 5.0.0
2023-10-05 21:33:35,808 [INFO] ThirdParty:967 - CMSIS Pack Vendor :STMicroelectronics X-CUBE-AZRTOS-L4 2.0.0
2023-10-05 21:33:35,809 [INFO] ThirdParty:967 - CMSIS Pack Vendor :STMicroelectronics ThreadX 0.0.2
2023-10-05 21:33:35,809 [INFO] ThirdParty:967 - CMSIS Pack Vendor :WES I-CUBE-Cesium 1.3.0
2023-10-05 21:33:35,809 [INFO] ThirdParty:967 - CMSIS Pack Vendor :STMicroelectronics FP-ATR-ASTRA1 2.0.0
2023-10-05 21:33:35,809 [INFO] ThirdParty:967 - CMSIS Pack Vendor :STMicroelectronics lwIP 2.0.3
2023-10-05 21:33:35,809 [INFO] ThirdParty:967 - CMSIS Pack Vendor :STMicroelectronics lwIP 2.1.2
2023-10-05 21:33:35,809 [INFO] ThirdParty:967 - CMSIS Pack Vendor :STMicroelectronics X-CUBE-SFXS2LP1 4.0.0
2023-10-05 21:33:35,809 [INFO] ThirdParty:967 - CMSIS Pack Vendor :STMicroelectronics X-CUBE-BLE2 3.3.0
2023-10-05 21:33:35,809 [INFO] ThirdParty:967 - CMSIS Pack Vendor :STMicroelectronics USB_HOST 1.0.0
2023-10-05 21:33:35,809 [INFO] ThirdParty:967 - CMSIS Pack Vendor :STMicroelectronics X-CUBE-AZRTOS-G4 2.0.0
2023-10-05 21:33:35,809 [INFO] ThirdParty:967 - CMSIS Pack Vendor :STMicroelectronics PDM2PCM 3.1.0
2023-10-05 21:33:35,809 [INFO] ThirdParty:967 - CMSIS Pack Vendor :STMicroelectronics X-CUBE-AZRTOS-H7 3.1.0
2023-10-05 21:33:35,809 [INFO] ThirdParty:967 - CMSIS Pack Vendor :STMicroelectronics PDM2PCM 3.2.0
2023-10-05 21:33:35,809 [INFO] ThirdParty:967 - CMSIS Pack Vendor :STMicroelectronics PDM2PCM 3.3.0
2023-10-05 21:33:35,809 [INFO] ThirdParty:787 - exiting critical section [change project]
2023-10-05 21:33:35,885 [INFO] PinOutPanel:1463 - setPackage(No Configuration,No Configuration)
2023-10-05 21:33:35,886 [INFO] PinOutPanel:1463 - setPackage(STM32F103C6Ux,UFQFPN48)
2023-10-05 21:33:36,059 [INFO] UtilMem:74 - Before build in PCC Used Memory: 740395792 Bytes (1059061760)
2023-10-05 21:33:36,246 [INFO] UtilMem:74 - After build in PCC Used Memory: 808553232 Bytes (1059061760)
2023-10-05 21:33:36,258 [INFO] IPUIPlugin:74 - create IPUIPlugin
2023-10-05 21:33:36,259 [INFO] IPUIPlugin:74 - create IPUIPlugin
2023-10-05 21:33:36,259 [INFO] IPUIPlugin:74 - create IPUIPlugin
2023-10-05 21:33:36,259 [INFO] IPUIPlugin:74 - create IPUIPlugin
2023-10-05 21:33:36,259 [INFO] IPUIPlugin:74 - create IPUIPlugin
2023-10-05 21:33:36,259 [INFO] IPUIPlugin:74 - create IPUIPlugin
2023-10-05 21:33:36,259 [INFO] IPUIPlugin:74 - create IPUIPlugin
2023-10-05 21:33:36,259 [INFO] IPUIPlugin:74 - create IPUIPlugin
2023-10-05 21:33:36,260 [INFO] IPUIPlugin:74 - create IPUIPlugin
2023-10-05 21:33:36,260 [INFO] IPUIPlugin:74 - create IPUIPlugin
2023-10-05 21:33:36,260 [INFO] IPUIPlugin:74 - create IPUIPlugin
2023-10-05 21:33:36,260 [INFO] IPUIPlugin:74 - create IPUIPlugin
2023-10-05 21:33:36,260 [INFO] IPUIPlugin:74 - create IPUIPlugin
2023-10-05 21:33:36,261 [INFO] IPUIPlugin:74 - create IPUIPlugin
2023-10-05 21:33:36,261 [INFO] IPUIPlugin:74 - create IPUIPlugin
2023-10-05 21:33:36,261 [INFO] IPUIPlugin:74 - create IPUIPlugin
2023-10-05 21:33:36,261 [INFO] IPUIPlugin:74 - create IPUIPlugin
2023-10-05 21:33:36,261 [INFO] IPUIPlugin:74 - create IPUIPlugin
2023-10-05 21:33:36,262 [INFO] IPUIPlugin:74 - create IPUIPlugin
2023-10-05 21:33:36,262 [INFO] IPUIPlugin:74 - create IPUIPlugin
2023-10-05 21:33:36,263 [INFO] IPUIPlugin:74 - create IPUIPlugin
2023-10-05 21:33:36,263 [INFO] IPUIPlugin:74 - create IPUIPlugin
2023-10-05 21:33:36,264 [INFO] IPUIPlugin:74 - create IPUIPlugin
2023-10-05 21:33:36,271 [INFO] OpenFileManager:333 - Restore cursor
2023-10-05 21:33:36,413 [INFO] UtilMem:74 - End SaveConfig() Used Memory: 868932176 Bytes (1059061760)
2023-10-05 21:33:36,454 [INFO] UtilMem:74 - End SaveConfig() Used Memory: 881953552 Bytes (1059061760)
2023-10-05 21:33:36,716 [INFO] BlockDiagram:2740 - set Specific Code input for plugin: NVIC
2023-10-05 21:33:36,716 [INFO] BlockDiagram:2740 - set Specific Code input for plugin: SYS
2023-10-05 21:33:36,717 [INFO] BlockDiagram:2740 - set Specific Code input for plugin: RCC
2023-10-05 21:33:36,717 [INFO] CodeGenerator:663 - code generatio: config db path: E:\STM32CubeIDE_1.7.0\STM32CubeIDE\plugins\com.st.stm32cube.common.mx_6.3.0.202107141111\\db\
2023-10-05 21:33:37,064 [INFO] CodeEngine:239 - oldGeneratedFile, E:\MCU-LAB\LAB2\Ex2\MXTmpFiles\license.tmp_save
2023-10-05 21:33:37,151 [INFO] CodeEngine:257 - Generated code: E:\MCU-LAB\LAB2\Ex2\MXTmpFiles\license.tmp
2023-10-05 21:33:37,181 [INFO] CodeEngine:239 - oldGeneratedFile, E:\MCU-LAB\LAB2\Ex2\Core\Src\stm32f1xx_it.c_save
2023-10-05 21:33:37,250 [INFO] CodeEngine:257 - Generated code: E:\MCU-LAB\LAB2\Ex2\Core\Src\stm32f1xx_it.c
2023-10-05 21:33:37,253 [INFO] CodeEngine:239 - oldGeneratedFile, E:\MCU-LAB\LAB2\Ex2\Core\Inc\stm32f1xx_it.h_save
2023-10-05 21:33:37,334 [INFO] CodeEngine:257 - Generated code: E:\MCU-LAB\LAB2\Ex2\Core\Inc\stm32f1xx_it.h
2023-10-05 21:33:37,340 [INFO] CodeEngine:239 - oldGeneratedFile, E:\MCU-LAB\LAB2\Ex2\Core\Src\stm32f1xx_hal_msp.c_save
2023-10-05 21:33:37,410 [INFO] CodeEngine:257 - Generated code: E:\MCU-LAB\LAB2\Ex2\Core\Src\stm32f1xx_hal_msp.c
2023-10-05 21:33:37,412 [INFO] CodeEngine:239 - oldGeneratedFile, E:\MCU-LAB\LAB2\Ex2\MXTmpFiles\system.tmp_save
2023-10-05 21:33:37,460 [INFO] CodeEngine:257 - Generated code: E:\MCU-LAB\LAB2\Ex2\MXTmpFiles\system.tmp
2023-10-05 21:33:37,464 [INFO] CodeEngine:239 - oldGeneratedFile, E:\MCU-LAB\LAB2\Ex2\Core\Inc\stm32f1xx_hal_conf.h_save
2023-10-05 21:33:37,531 [INFO] CodeEngine:257 - Generated code: E:\MCU-LAB\LAB2\Ex2\Core\Inc\stm32f1xx_hal_conf.h
2023-10-05 21:33:37,559 [INFO] CodeEngine:239 - oldGeneratedFile, E:\MCU-LAB\LAB2\Ex2\Core\Inc\main.h_save
2023-10-05 21:33:37,619 [INFO] CodeEngine:257 - Generated code: E:\MCU-LAB\LAB2\Ex2\Core\Inc\main.h
2023-10-05 21:33:37,621 [INFO] CodeEngine:239 - oldGeneratedFile, E:\MCU-LAB\LAB2\Ex2\Core\Src\main.c_save
2023-10-05 21:33:37,702 [INFO] CodeEngine:257 - Generated code: E:\MCU-LAB\LAB2\Ex2\Core\Src\main.c
2023-10-05 21:33:38,729 [INFO] ProjectBuilder:2578 - Time for Copy HAL[1] : 50mS.
2023-10-05 21:33:38,732 [INFO] ProjectBuilder:3622 - Project Generator version: 3.14.1
2023-10-05 21:33:39,257 [INFO] ConfigFileManager:1271 - The Die is : DIE412
2023-10-05 21:33:39,264 [INFO] ApiDbMcu:468 - Load IP Config File for FATFS
2023-10-05 21:33:39,288 [INFO] ApiDbMcu:468 - Load IP Config File for FREERTOS
2023-10-05 21:33:39,328 [INFO] ApiDbMcu:468 - Load IP Config File for USB_DEVICE
2023-10-05 21:33:41,344 [INFO] ProjectBuilder:3789 - Time for Generating toolchain IDE Files: 2612mS.
2023-10-05 21:33:41,345 [INFO] ProjectBuilder:2457 - Time for Copy CMSIS : 0mS.
2023-10-05 21:33:41,346 [INFO] ProjectBuilder:2457 - Time for Copy CMSIS : 0mS.
2023-10-05 21:33:42,171 [INFO] McuFinderGlobals:52 - Set McuFinderConnectedMode to true
2023-10-05 21:33:42,173 [INFO] ApiDb:276 - Save user favorites file C:\Users\mitph/.stm32cubeide/favorites.mcus.txt: 2 item(s)
2023-10-05 21:33:42,173 [INFO] ApiDb:280 - User favorites MCUs=[STM32F103C6Ux, STM32F103RBTx]
2023-10-05 21:33:57,374 [INFO] UtilMem:74 - End SaveConfig() Used Memory: 773208784 Bytes (1073741824)
2023-10-05 21:33:58,677 [INFO] UtilMem:74 - End SaveConfig() Used Memory: 799352128 Bytes (1073741824)
2023-10-05 21:34:00,568 [INFO] UtilMem:74 - End SaveConfig() Used Memory: 844635480 Bytes (1073741824)
2023-10-05 21:34:00,826 [INFO] BlockDiagram:2740 - set Specific Code input for plugin: NVIC
2023-10-05 21:34:00,826 [INFO] BlockDiagram:2740 - set Specific Code input for plugin: SYS
2023-10-05 21:34:00,827 [INFO] BlockDiagram:2740 - set Specific Code input for plugin: GPIO
2023-10-05 21:34:00,827 [INFO] BlockDiagram:2740 - set Specific Code input for plugin: RCC
2023-10-05 21:34:00,828 [INFO] CodeGenerator:663 - code generatio: config db path: E:\STM32CubeIDE_1.7.0\STM32CubeIDE\plugins\com.st.stm32cube.common.mx_6.3.0.202107141111\\db\
2023-10-05 21:34:01,023 [INFO] CodeEngine:239 - oldGeneratedFile, E:\MCU-LAB\LAB2\Ex2\MXTmpFiles\license.tmp_save
2023-10-05 21:34:01,069 [INFO] CodeEngine:257 - Generated code: E:\MCU-LAB\LAB2\Ex2\MXTmpFiles\license.tmp
2023-10-05 21:34:01,085 [INFO] CodeEngine:239 - oldGeneratedFile, E:\MCU-LAB\LAB2\Ex2\MXTmpFiles\gpio.tmp_save
2023-10-05 21:34:01,138 [INFO] CodeEngine:257 - Generated code: E:\MCU-LAB\LAB2\Ex2\MXTmpFiles\gpio.tmp
2023-10-05 21:34:01,153 [INFO] CodeEngine:239 - oldGeneratedFile, E:\MCU-LAB\LAB2\Ex2\Core\Src\stm32f1xx_it.c_save
2023-10-05 21:34:01,211 [INFO] CodeEngine:257 - Generated code: E:\MCU-LAB\LAB2\Ex2\Core\Src\stm32f1xx_it.c
2023-10-05 21:34:01,214 [INFO] CodeEngine:239 - oldGeneratedFile, E:\MCU-LAB\LAB2\Ex2\Core\Inc\stm32f1xx_it.h_save
2023-10-05 21:34:01,256 [INFO] CodeEngine:257 - Generated code: E:\MCU-LAB\LAB2\Ex2\Core\Inc\stm32f1xx_it.h
2023-10-05 21:34:01,304 [INFO] CodeEngine:239 - oldGeneratedFile, E:\MCU-LAB\LAB2\Ex2\Core\Src\stm32f1xx_hal_msp.c_save
2023-10-05 21:34:01,365 [INFO] CodeEngine:257 - Generated code: E:\MCU-LAB\LAB2\Ex2\Core\Src\stm32f1xx_hal_msp.c
2023-10-05 21:34:01,367 [INFO] CodeEngine:239 - oldGeneratedFile, E:\MCU-LAB\LAB2\Ex2\MXTmpFiles\system.tmp_save
2023-10-05 21:34:01,412 [INFO] CodeEngine:257 - Generated code: E:\MCU-LAB\LAB2\Ex2\MXTmpFiles\system.tmp
2023-10-05 21:34:01,422 [INFO] CodeEngine:239 - oldGeneratedFile, E:\MCU-LAB\LAB2\Ex2\Core\Inc\stm32f1xx_hal_conf.h_save
2023-10-05 21:34:01,484 [INFO] CodeEngine:257 - Generated code: E:\MCU-LAB\LAB2\Ex2\Core\Inc\stm32f1xx_hal_conf.h
2023-10-05 21:34:01,504 [INFO] CodeEngine:239 - oldGeneratedFile, E:\MCU-LAB\LAB2\Ex2\Core\Inc\main.h_save
2023-10-05 21:34:01,549 [INFO] CodeEngine:257 - Generated code: E:\MCU-LAB\LAB2\Ex2\Core\Inc\main.h
2023-10-05 21:34:01,557 [INFO] CodeEngine:239 - oldGeneratedFile, E:\MCU-LAB\LAB2\Ex2\Core\Src\main.c_save
2023-10-05 21:34:01,635 [INFO] CodeEngine:257 - Generated code: E:\MCU-LAB\LAB2\Ex2\Core\Src\main.c
2023-10-05 21:34:02,283 [INFO] ProjectBuilder:2578 - Time for Copy HAL[1] : 40mS.
2023-10-05 21:34:02,284 [INFO] ProjectBuilder:3622 - Project Generator version: 3.14.1
2023-10-05 21:34:02,654 [INFO] ConfigFileManager:1271 - The Die is : DIE412
2023-10-05 21:34:04,003 [INFO] ProjectBuilder:3789 - Time for Generating toolchain IDE Files: 1719mS.
2023-10-05 21:34:04,004 [INFO] ProjectBuilder:2457 - Time for Copy CMSIS : 0mS.
2023-10-05 21:34:04,005 [INFO] ProjectBuilder:2457 - Time for Copy CMSIS : 0mS.
